Starting job 13972674 on c2-3 at Fri Mar 25 16:16:15 CET 2022

25
BCX_Blood_2020_MCV_EA

Task and CPU usage stats:
JobID           JobName  AllocCPUS   NTasks     MinCPU MinCPUTask     AveCPU    Elapsed ExitCode 
------------ ---------- ---------- -------- ---------- ---------- ---------- ---------- -------- 
13972667_25     SUMSTAT         16                                             00:04:05      0:0 
13972667_25+      batch         16        1   00:04:58          0   00:04:58   00:04:05      0:0 
13972667_25+     extern         16        1   00:00:00          0   00:00:00   00:04:05      0:0 

Memory usage stats:
JobID            MaxRSS MaxRSSTask     AveRSS MaxPages   MaxPagesTask   AvePages 
------------ ---------- ---------- ---------- -------- -------------- ---------- 
13972667_25                                                                      
13972667_25+      1576K          0      1576K        0              0          0 
13972667_25+          0          0          0        0              0          0 

Disk usage stats:
JobID         MaxDiskRead MaxDiskReadTask    AveDiskRead MaxDiskWrite MaxDiskWriteTask   AveDiskWrite 
------------ ------------ --------------- -------------- ------------ ---------------- -------------- 
13972667_25                                                                                           
13972667_25+        0.03M               0          0.03M        0.00M                0          0.00M 
13972667_25+        0.00M               0          0.00M            0                0              0 

Job 13972674 completed at Fri Mar 25 16:20:20 CET 2022
