Starting job 13973581 on c2-8 at Fri Mar 25 19:43:57 CET 2022

48
IPDGC_PD_2018

Task and CPU usage stats:
JobID           JobName  AllocCPUS   NTasks     MinCPU MinCPUTask     AveCPU    Elapsed ExitCode 
------------ ---------- ---------- -------- ---------- ---------- ---------- ---------- -------- 
13972667_48     SUMSTAT         16                                             00:00:33      0:0 
13972667_48+      batch         16        1   00:00:41          0   00:00:41   00:00:33      0:0 
13972667_48+     extern         16        1   00:00:00          0   00:00:00   00:00:33      0:0 

Memory usage stats:
JobID            MaxRSS MaxRSSTask     AveRSS MaxPages   MaxPagesTask   AvePages 
------------ ---------- ---------- ---------- -------- -------------- ---------- 
13972667_48                                                                      
13972667_48+      1564K          0      1564K        0              0          0 
13972667_48+          0          0          0        0              0          0 

Disk usage stats:
JobID         MaxDiskRead MaxDiskReadTask    AveDiskRead MaxDiskWrite MaxDiskWriteTask   AveDiskWrite 
------------ ------------ --------------- -------------- ------------ ---------------- -------------- 
13972667_48                                                                                           
13972667_48+        0.03M               0          0.03M        0.00M                0          0.00M 
13972667_48+        0.00M               0          0.00M            0                0              0 

Job 13973581 completed at Fri Mar 25 19:44:29 CET 2022
