Starting job 13973586 on c2-8 at Fri Mar 25 19:44:30 CET 2022

76
MAGIC_GLYCEMIC_2021_HbA1c_HISP

Task and CPU usage stats:
JobID           JobName  AllocCPUS   NTasks     MinCPU MinCPUTask     AveCPU    Elapsed ExitCode 
------------ ---------- ---------- -------- ---------- ---------- ---------- ---------- -------- 
13972667_76     SUMSTAT         16                                             00:00:35      0:0 
13972667_76+      batch         16        1   00:00:43          0   00:00:43   00:00:35      0:0 
13972667_76+     extern         16        1   00:00:00          0   00:00:00   00:00:35      0:0 

Memory usage stats:
JobID            MaxRSS MaxRSSTask     AveRSS MaxPages   MaxPagesTask   AvePages 
------------ ---------- ---------- ---------- -------- -------------- ---------- 
13972667_76                                                                      
13972667_76+      1552K          0      1552K        0              0          0 
13972667_76+          0          0          0        0              0          0 

Disk usage stats:
JobID         MaxDiskRead MaxDiskReadTask    AveDiskRead MaxDiskWrite MaxDiskWriteTask   AveDiskWrite 
------------ ------------ --------------- -------------- ------------ ---------------- -------------- 
13972667_76                                                                                           
13972667_76+        0.03M               0          0.03M        0.00M                0          0.00M 
13972667_76+        0.00M               0          0.00M            0                0              0 

Job 13973586 completed at Fri Mar 25 19:45:05 CET 2022
