Starting job 13973666 on c2-8 at Fri Mar 25 19:46:33 CET 2022

90
PGC_CM_2020_withUKB

Task and CPU usage stats:
JobID           JobName  AllocCPUS   NTasks     MinCPU MinCPUTask     AveCPU    Elapsed ExitCode 
------------ ---------- ---------- -------- ---------- ---------- ---------- ---------- -------- 
13972667_90     SUMSTAT         16                                             00:00:33      0:0 
13972667_90+      batch         16        1   00:00:31          0   00:00:31   00:00:33      0:0 
13972667_90+     extern         16        1   00:00:00          0   00:00:00   00:00:33      0:0 

Memory usage stats:
JobID            MaxRSS MaxRSSTask     AveRSS MaxPages   MaxPagesTask   AvePages 
------------ ---------- ---------- ---------- -------- -------------- ---------- 
13972667_90                                                                      
13972667_90+          0          0          0        0              0          0 
13972667_90+          0          0          0        0              0          0 

Disk usage stats:
JobID         MaxDiskRead MaxDiskReadTask    AveDiskRead MaxDiskWrite MaxDiskWriteTask   AveDiskWrite 
------------ ------------ --------------- -------------- ------------ ---------------- -------------- 
13972667_90                                                                                           
13972667_90+            0               0              0            0                0              0 
13972667_90+        0.00M               0          0.00M            0                0              0 

Job 13973666 completed at Fri Mar 25 19:47:06 CET 2022
