22
BCX_Blood_2020_LYM_EA

Task and CPU usage stats:
JobID           JobName  AllocCPUS   NTasks     MinCPU MinCPUTask     AveCPU    Elapsed ExitCode 
------------ ---------- ---------- -------- ---------- ---------- ---------- ---------- -------- 
13972667_22     SUMSTAT         16                                             00:04:03      0:0 
13972667_22+      batch         16        1   00:04:57          0   00:04:57   00:04:03      0:0 
13972667_22+     extern         16        1   00:00:00          0   00:00:00   00:04:03      0:0 

Memory usage stats:
JobID            MaxRSS MaxRSSTask     AveRSS MaxPages   MaxPagesTask   AvePages 
------------ ---------- ---------- ---------- -------- -------------- ---------- 
13972667_22                                                                      
13972667_22+      1572K          0      1572K        0              0          0 
13972667_22+          0          0          0        0              0          0 

Disk usage stats:
JobID         MaxDiskRead MaxDiskReadTask    AveDiskRead MaxDiskWrite MaxDiskWriteTask   AveDiskWrite 
------------ ------------ --------------- -------------- ------------ ---------------- -------------- 
13972667_22                                                                                           
13972667_22+        0.03M               0          0.03M        0.00M                0          0.00M 
13972667_22+        0.00M               0          0.00M            0                0              0 

Job 13972671 completed at Fri Mar 25 16:06:48 CET 2022
