Starting job 13972675 on c2-3 at Fri Mar 25 16:20:45 CET 2022

26
BCX_Blood_2020_MON_EA

Task and CPU usage stats:
JobID           JobName  AllocCPUS   NTasks     MinCPU MinCPUTask     AveCPU    Elapsed ExitCode 
------------ ---------- ---------- -------- ---------- ---------- ---------- ---------- -------- 
13972667_26     SUMSTAT         16                                             00:04:03      0:0 
13972667_26+      batch         16        1   00:04:59          0   00:04:59   00:04:03      0:0 
13972667_26+     extern         16        1   00:00:00          0   00:00:00   00:04:03      0:0 

Memory usage stats:
JobID            MaxRSS MaxRSSTask     AveRSS MaxPages   MaxPagesTask   AvePages 
------------ ---------- ---------- ---------- -------- -------------- ---------- 
13972667_26                                                                      
13972667_26+      1576K          0      1576K        0              0          0 
13972667_26+          0          0          0        0              0          0 

Disk usage stats:
JobID         MaxDiskRead MaxDiskReadTask    AveDiskRead MaxDiskWrite MaxDiskWriteTask   AveDiskWrite 
------------ ------------ --------------- -------------- ------------ ---------------- -------------- 
13972667_26                                                                                           
13972667_26+        0.03M               0          0.03M        0.00M                0          0.00M 
13972667_26+        0.00M               0          0.00M            0                0              0 

Job 13972675 completed at Fri Mar 25 16:24:48 CET 2022
