Starting job 13972673 on c2-3 at Fri Mar 25 16:11:46 CET 2022

24
BCX_Blood_2020_MCH_EA

Task and CPU usage stats:
JobID           JobName  AllocCPUS   NTasks     MinCPU MinCPUTask     AveCPU    Elapsed ExitCode 
------------ ---------- ---------- -------- ---------- ---------- ---------- ---------- -------- 
13972667_24     SUMSTAT         16                                             00:04:06      0:0 
13972667_24+      batch         16        1   00:04:59          0   00:04:59   00:04:06      0:0 
13972667_24+     extern         16        1   00:00:00          0   00:00:00   00:04:06      0:0 

Memory usage stats:
JobID            MaxRSS MaxRSSTask     AveRSS MaxPages   MaxPagesTask   AvePages 
------------ ---------- ---------- ---------- -------- -------------- ---------- 
13972667_24                                                                      
13972667_24+      1564K          0      1564K        0              0          0 
13972667_24+          0          0          0        0              0          0 

Disk usage stats:
JobID         MaxDiskRead MaxDiskReadTask    AveDiskRead MaxDiskWrite MaxDiskWriteTask   AveDiskWrite 
------------ ------------ --------------- -------------- ------------ ---------------- -------------- 
13972667_24                                                                                           
13972667_24+        0.03M               0          0.03M        0.00M                0          0.00M 
13972667_24+        0.00M               0          0.00M            0                0              0 

Job 13972673 completed at Fri Mar 25 16:15:52 CET 2022
