Starting job 13973624 on c2-8 at Fri Mar 25 19:46:33 CET 2022

89
PGC_CM_2020_noUKB

Task and CPU usage stats:
JobID           JobName  AllocCPUS   NTasks     MinCPU MinCPUTask     AveCPU    Elapsed ExitCode 
------------ ---------- ---------- -------- ---------- ---------- ---------- ---------- -------- 
13972667_89     SUMSTAT         16                                             00:00:23      0:0 
13972667_89+      batch         16        1   00:00:29          0   00:00:29   00:00:23      0:0 
13972667_89+     extern         16        1   00:00:00          0   00:00:00   00:00:23      0:0 

Memory usage stats:
JobID            MaxRSS MaxRSSTask     AveRSS MaxPages   MaxPagesTask   AvePages 
------------ ---------- ---------- ---------- -------- -------------- ---------- 
13972667_89                                                                      
13972667_89+          0          0          0        0              0          0 
13972667_89+          0          0          0        0              0          0 

Disk usage stats:
JobID         MaxDiskRead MaxDiskReadTask    AveDiskRead MaxDiskWrite MaxDiskWriteTask   AveDiskWrite 
------------ ------------ --------------- -------------- ------------ ---------------- -------------- 
13972667_89                                                                                           
13972667_89+            0               0              0            0                0              0 
13972667_89+        0.00M               0          0.00M            0                0              0 

Job 13973624 completed at Fri Mar 25 19:46:57 CET 2022
