Starting job 13973573 on c2-8 at Fri Mar 25 19:42:37 CET 2022

36
COGENT_COG_2017_noCHARGE

Task and CPU usage stats:
JobID           JobName  AllocCPUS   NTasks     MinCPU MinCPUTask     AveCPU    Elapsed ExitCode 
------------ ---------- ---------- -------- ---------- ---------- ---------- ---------- -------- 
13972667_36     SUMSTAT         16                                             00:00:56      0:0 
13972667_36+      batch         16        1   00:01:07          0   00:01:07   00:00:56      0:0 
13972667_36+     extern         16        1   00:00:00          0   00:00:00   00:00:56      0:0 

Memory usage stats:
JobID            MaxRSS MaxRSSTask     AveRSS MaxPages   MaxPagesTask   AvePages 
------------ ---------- ---------- ---------- -------- -------------- ---------- 
13972667_36                                                                      
13972667_36+      1560K          0      1560K        0              0          0 
13972667_36+          0          0          0        0              0          0 

Disk usage stats:
JobID         MaxDiskRead MaxDiskReadTask    AveDiskRead MaxDiskWrite MaxDiskWriteTask   AveDiskWrite 
------------ ------------ --------------- -------------- ------------ ---------------- -------------- 
13972667_36                                                                                           
13972667_36+        0.03M               0          0.03M        0.00M                0          0.00M 
13972667_36+        0.00M               0          0.00M            0                0              0 

Job 13973573 completed at Fri Mar 25 19:43:34 CET 2022
