Starting job 13972667 on c2-2 at Fri Mar 25 21:48:10 CET 2022

97
UKB_BP_2020_SBP_withICBP_withMVP

Task and CPU usage stats:
JobID           JobName  AllocCPUS   NTasks     MinCPU MinCPUTask     AveCPU    Elapsed ExitCode 
------------ ---------- ---------- -------- ---------- ---------- ---------- ---------- -------- 
13972667_20     SUMSTAT         16                                             00:04:00      0:0 
13972667_20+      batch         16        1   00:04:59          0   00:04:59   00:04:00      0:0 
13972667_20+     extern         16        1   00:00:00          0   00:00:00   00:04:00      0:0 
13972667_21     SUMSTAT         16                                             00:04:04      0:0 
13972667_21+      batch         16        1   00:05:00          0   00:05:00   00:04:04      0:0 
13972667_21+     extern         16        1   00:00:00          0   00:00:00   00:04:04      0:0 
13972667_22     SUMSTAT         16                                             00:04:03      0:0 
13972667_22+      batch         16        1   00:04:57          0   00:04:57   00:04:03      0:0 
13972667_22+     extern         16        1   00:00:00          0   00:00:00   00:04:03      0:0 
13972667_23     SUMSTAT         16                                             00:04:00      0:0 
13972667_23+      batch         16        1   00:04:58          0   00:04:58   00:04:00      0:0 
13972667_23+     extern         16        1   00:00:00          0   00:00:00   00:04:00      0:0 
13972667_24     SUMSTAT         16                                             00:04:06      0:0 
13972667_24+      batch         16        1   00:04:59          0   00:04:59   00:04:06      0:0 
13972667_24+     extern         16        1   00:00:00          0   00:00:00   00:04:06      0:0 
13972667_25     SUMSTAT         16                                             00:04:05      0:0 
13972667_25+      batch         16        1   00:04:58          0   00:04:58   00:04:05      0:0 
13972667_25+     extern         16        1   00:00:00          0   00:00:00   00:04:05      0:0 
13972667_26     SUMSTAT         16                                             00:04:03      0:0 
13972667_26+      batch         16        1   00:04:59          0   00:04:59   00:04:03      0:0 
13972667_26+     extern         16        1   00:00:00          0   00:00:00   00:04:03      0:0 
13972667_27     SUMSTAT         16                                             00:03:59      0:0 
13972667_27+      batch         16        1   00:04:52          0   00:04:52   00:03:59      0:0 
13972667_27+     extern         16        1   00:00:00          0   00:00:00   00:03:59      0:0 
13972667_28     SUMSTAT         16                                             00:04:04      0:0 
13972667_28+      batch         16        1   00:05:00          0   00:05:00   00:04:04      0:0 
13972667_28+     extern         16        1   00:00:00          0   00:00:00   00:04:04      0:0 
13972667_29     SUMSTAT         16                                             00:04:04      0:0 
13972667_29+      batch         16        1   00:04:57          0   00:04:57   00:04:04      0:0 
13972667_29+     extern         16        1   00:00:00          0   00:00:00   00:04:04      0:0 
13972667_30     SUMSTAT         16                                             00:04:10      0:0 
13972667_30+      batch         16        1   00:05:02          0   00:05:02   00:04:10      0:0 
13972667_30+     extern         16        1   00:00:00          0   00:00:00   00:04:10      0:0 
13972667_31     SUMSTAT         16                                             00:03:59      0:0 
13972667_31+      batch         16        1   00:04:55          0   00:04:55   00:03:59      0:0 
13972667_31+     extern         16        1   00:00:00          0   00:00:00   00:03:59      0:0 
13972667_32     SUMSTAT         16                                             00:04:00      0:0 
13972667_32+      batch         16        1   00:04:59          0   00:04:59   00:04:00      0:0 
13972667_32+     extern         16        1   00:00:00          0   00:00:00   00:04:00      0:0 
13972667_35     SUMSTAT         16                                             00:00:00      0:0 
13972667_35+      batch         16        1   00:00:00          0   00:00:00   00:00:00      0:0 
13972667_35+     extern         16        1   00:00:00          0   00:00:00   00:00:00      0:0 
13972667_36     SUMSTAT         16                                             00:00:56      0:0 
13972667_36+      batch         16        1   00:01:07          0   00:01:07   00:00:56      0:0 
13972667_36+     extern         16        1   00:00:00          0   00:00:00   00:00:56      0:0 
13972667_38     SUMSTAT         16                                             00:00:21      0:0 
13972667_38+      batch         16        1   00:00:26          0   00:00:26   00:00:21      0:0 
13972667_38+     extern         16        1   00:00:00          0   00:00:00   00:00:21      0:0 
13972667_48     SUMSTAT         16                                             00:00:33      0:0 
13972667_48+      batch         16        1   00:00:41          0   00:00:41   00:00:33      0:0 
13972667_48+     extern         16        1   00:00:00          0   00:00:00   00:00:33      0:0 
13972667_76     SUMSTAT         16                                             00:00:35      0:0 
13972667_76+      batch         16        1   00:00:43          0   00:00:43   00:00:35      0:0 
13972667_76+     extern         16        1   00:00:00          0   00:00:00   00:00:35      0:0 
13972667_89     SUMSTAT         16                                             00:00:23      0:0 
13972667_89+      batch         16        1   00:00:29          0   00:00:29   00:00:23      0:0 
13972667_89+     extern         16        1   00:00:00          0   00:00:00   00:00:23      0:0 
13972667_90     SUMSTAT         16                                             00:00:33      0:0 
13972667_90+      batch         16        1   00:00:31          0   00:00:31   00:00:33      0:0 
13972667_90+     extern         16        1   00:00:00          0   00:00:00   00:00:33      0:0 
13972667_97     SUMSTAT         16                                             00:01:07      0:0 
13972667_97+      batch         16        1   00:01:24          0   00:01:24   00:01:07      0:0 
13972667_97+     extern         16        1   00:00:00          0   00:00:00   00:01:07      0:0 

Memory usage stats:
JobID            MaxRSS MaxRSSTask     AveRSS MaxPages   MaxPagesTask   AvePages 
------------ ---------- ---------- ---------- -------- -------------- ---------- 
13972667_20                                                                      
13972667_20+      1556K          0      1556K        0              0          0 
13972667_20+          0          0          0        0              0          0 
13972667_21                                                                      
13972667_21+      1568K          0      1568K        0              0          0 
13972667_21+          0          0          0        0              0          0 
13972667_22                                                                      
13972667_22+      1572K          0      1572K        0              0          0 
13972667_22+          0          0          0        0              0          0 
13972667_23                                                                      
13972667_23+      1572K          0      1572K        0              0          0 
13972667_23+          0          0          0        0              0          0 
13972667_24                                                                      
13972667_24+      1564K          0      1564K        0              0          0 
13972667_24+          0          0          0        0              0          0 
13972667_25                                                                      
13972667_25+      1576K          0      1576K        0              0          0 
13972667_25+          0          0          0        0              0          0 
13972667_26                                                                      
13972667_26+      1576K          0      1576K        0              0          0 
13972667_26+          0          0          0        0              0          0 
13972667_27                                                                      
13972667_27+      1568K          0      1568K        0              0          0 
13972667_27+          0          0          0        0              0          0 
13972667_28                                                                      
13972667_28+      1572K          0      1572K        0              0          0 
13972667_28+          0          0          0        0              0          0 
13972667_29                                                                      
13972667_29+      1560K          0      1560K        0              0          0 
13972667_29+          0          0          0        0              0          0 
13972667_30                                                                      
13972667_30+      1560K          0      1560K        0              0          0 
13972667_30+          0          0          0        0              0          0 
13972667_31                                                                      
13972667_31+      1568K          0      1568K        0              0          0 
13972667_31+          0          0          0        0              0          0 
13972667_32                                                                      
13972667_32+      1560K          0      1560K        0              0          0 
13972667_32+          0          0          0        0              0          0 
13972667_35                                                                      
13972667_35+          0          0          0        0              0          0 
13972667_35+          0          0          0        0              0          0 
13972667_36                                                                      
13972667_36+      1560K          0      1560K        0              0          0 
13972667_36+          0          0          0        0              0          0 
13972667_38                                                                      
13972667_38+          0          0          0        0              0          0 
13972667_38+          0          0          0        0              0          0 
13972667_48                                                                      
13972667_48+      1564K          0      1564K        0              0          0 
13972667_48+          0          0          0        0              0          0 
13972667_76                                                                      
13972667_76+      1552K          0      1552K        0              0          0 
13972667_76+          0          0          0        0              0          0 
13972667_89                                                                      
13972667_89+          0          0          0        0              0          0 
13972667_89+          0          0          0        0              0          0 
13972667_90                                                                      
13972667_90+          0          0          0        0              0          0 
13972667_90+          0          0          0        0              0          0 
13972667_97                                                                      
13972667_97+      1556K          0      1556K        0              0          0 
13972667_97+          0          0          0        0              0          0 

Disk usage stats:
JobID         MaxDiskRead MaxDiskReadTask    AveDiskRead MaxDiskWrite MaxDiskWriteTask   AveDiskWrite 
------------ ------------ --------------- -------------- ------------ ---------------- -------------- 
13972667_20                                                                                           
13972667_20+        0.03M               0          0.03M        0.00M                0          0.00M 
13972667_20+        0.00M               0          0.00M            0                0              0 
13972667_21                                                                                           
13972667_21+        0.03M               0          0.03M        0.00M                0          0.00M 
13972667_21+        0.00M               0          0.00M            0                0              0 
13972667_22                                                                                           
13972667_22+        0.03M               0          0.03M        0.00M                0          0.00M 
13972667_22+        0.00M               0          0.00M            0                0              0 
13972667_23                                                                                           
13972667_23+        0.03M               0          0.03M        0.00M                0          0.00M 
13972667_23+        0.00M               0          0.00M            0                0              0 
13972667_24                                                                                           
13972667_24+        0.03M               0          0.03M        0.00M                0          0.00M 
13972667_24+        0.00M               0          0.00M            0                0              0 
13972667_25                                                                                           
13972667_25+        0.03M               0          0.03M        0.00M                0          0.00M 
13972667_25+        0.00M               0          0.00M            0                0              0 
13972667_26                                                                                           
13972667_26+        0.03M               0          0.03M        0.00M                0          0.00M 
13972667_26+        0.00M               0          0.00M            0                0              0 
13972667_27                                                                                           
13972667_27+        0.03M               0          0.03M        0.00M                0          0.00M 
13972667_27+        0.00M               0          0.00M            0                0              0 
13972667_28                                                                                           
13972667_28+        0.03M               0          0.03M        0.00M                0          0.00M 
13972667_28+        0.00M               0          0.00M            0                0              0 
13972667_29                                                                                           
13972667_29+        0.03M               0          0.03M        0.00M                0          0.00M 
13972667_29+        0.00M               0          0.00M            0                0              0 
13972667_30                                                                                           
13972667_30+        0.03M               0          0.03M        0.00M                0          0.00M 
13972667_30+        0.00M               0          0.00M            0                0              0 
13972667_31                                                                                           
13972667_31+        0.03M               0          0.03M        0.00M                0          0.00M 
13972667_31+        0.00M               0          0.00M            0                0              0 
13972667_32                                                                                           
13972667_32+        0.03M               0          0.03M        0.00M                0          0.00M 
13972667_32+        0.00M               0          0.00M            0                0              0 
13972667_35                                                                                           
13972667_35+            0               0              0            0                0              0 
13972667_35+        0.00M               0          0.00M            0                0              0 
13972667_36                                                                                           
13972667_36+        0.03M               0          0.03M        0.00M                0          0.00M 
13972667_36+        0.00M               0          0.00M            0                0              0 
13972667_38                                                                                           
13972667_38+            0               0              0            0                0              0 
13972667_38+        0.00M               0          0.00M            0                0              0 
13972667_48                                                                                           
13972667_48+        0.03M               0          0.03M        0.00M                0          0.00M 
13972667_48+        0.00M               0          0.00M            0                0              0 
13972667_76                                                                                           
13972667_76+        0.03M               0          0.03M        0.00M                0          0.00M 
13972667_76+        0.00M               0          0.00M            0                0              0 
13972667_89                                                                                           
13972667_89+            0               0              0            0                0              0 
13972667_89+        0.00M               0          0.00M            0                0              0 
13972667_90                                                                                           
13972667_90+            0               0              0            0                0              0 
13972667_90+        0.00M               0          0.00M            0                0              0 
13972667_97                                                                                           
13972667_97+        0.03M               0          0.03M        0.00M                0          0.00M 
13972667_97+        0.00M               0          0.00M            0                0              0 

Job 13972667 completed at Fri Mar 25 21:49:16 CET 2022
