30
BCX_Blood_2020_RBC_EA

Task and CPU usage stats:
JobID           JobName  AllocCPUS   NTasks     MinCPU MinCPUTask     AveCPU    Elapsed ExitCode 
------------ ---------- ---------- -------- ---------- ---------- ---------- ---------- -------- 
13972667_30     SUMSTAT         16                                             00:04:10      0:0 
13972667_30+      batch         16        1   00:05:02          0   00:05:02   00:04:10      0:0 
13972667_30+     extern         16        1   00:00:00          0   00:00:00   00:04:10      0:0 

Memory usage stats:
JobID            MaxRSS MaxRSSTask     AveRSS MaxPages   MaxPagesTask   AvePages 
------------ ---------- ---------- ---------- -------- -------------- ---------- 
13972667_30                                                                      
13972667_30+      1560K          0      1560K        0              0          0 
13972667_30+          0          0          0        0              0          0 

Disk usage stats:
JobID         MaxDiskRead MaxDiskReadTask    AveDiskRead MaxDiskWrite MaxDiskWriteTask   AveDiskWrite 
------------ ------------ --------------- -------------- ------------ ---------------- -------------- 
13972667_30                                                                                           
13972667_30+        0.03M               0          0.03M        0.00M                0          0.00M 
13972667_30+        0.00M               0          0.00M            0                0              0 

Job 13973550 completed at Fri Mar 25 19:42:34 CET 2022
