31
BCX_Blood_2020_RDW_EA

Task and CPU usage stats:
JobID           JobName  AllocCPUS   NTasks     MinCPU MinCPUTask     AveCPU    Elapsed ExitCode 
------------ ---------- ---------- -------- ---------- ---------- ---------- ---------- -------- 
13972667_31     SUMSTAT         16                                             00:03:59      0:0 
13972667_31+      batch         16        1   00:04:55          0   00:04:55   00:03:59      0:0 
13972667_31+     extern         16        1   00:00:00          0   00:00:00   00:03:59      0:0 

Memory usage stats:
JobID            MaxRSS MaxRSSTask     AveRSS MaxPages   MaxPagesTask   AvePages 
------------ ---------- ---------- ---------- -------- -------------- ---------- 
13972667_31                                                                      
13972667_31+      1568K          0      1568K        0              0          0 
13972667_31+          0          0          0        0              0          0 

Disk usage stats:
JobID         MaxDiskRead MaxDiskReadTask    AveDiskRead MaxDiskWrite MaxDiskWriteTask   AveDiskWrite 
------------ ------------ --------------- -------------- ------------ ---------------- -------------- 
13972667_31                                                                                           
13972667_31+        0.03M               0          0.03M        0.00M                0          0.00M 
13972667_31+        0.00M               0          0.00M            0                0              0 

Job 13973554 completed at Fri Mar 25 19:42:22 CET 2022
