Starting job 13973565 on c2-8 at Fri Mar 25 19:42:23 CET 2022

32
BCX_Blood_2020_WBC_EA

Task and CPU usage stats:
JobID           JobName  AllocCPUS   NTasks     MinCPU MinCPUTask     AveCPU    Elapsed ExitCode 
------------ ---------- ---------- -------- ---------- ---------- ---------- ---------- -------- 
13972667_32     SUMSTAT         16                                             00:04:00      0:0 
13972667_32+      batch         16        1   00:04:59          0   00:04:59   00:04:00      0:0 
13972667_32+     extern         16        1   00:00:00          0   00:00:00   00:04:00      0:0 

Memory usage stats:
JobID            MaxRSS MaxRSSTask     AveRSS MaxPages   MaxPagesTask   AvePages 
------------ ---------- ---------- ---------- -------- -------------- ---------- 
13972667_32                                                                      
13972667_32+      1560K          0      1560K        0              0          0 
13972667_32+          0          0          0        0              0          0 

Disk usage stats:
JobID         MaxDiskRead MaxDiskReadTask    AveDiskRead MaxDiskWrite MaxDiskWriteTask   AveDiskWrite 
------------ ------------ --------------- -------------- ------------ ---------------- -------------- 
13972667_32                                                                                           
13972667_32+        0.03M               0          0.03M        0.00M                0          0.00M 
13972667_32+        0.00M               0          0.00M            0                0              0 

Job 13973565 completed at Fri Mar 25 19:46:24 CET 2022
