Starting job 13973579 on c2-8 at Fri Mar 25 19:43:34 CET 2022

38
EAGLE_ADHD_2016_noGC

Task and CPU usage stats:
JobID           JobName  AllocCPUS   NTasks     MinCPU MinCPUTask     AveCPU    Elapsed ExitCode 
------------ ---------- ---------- -------- ---------- ---------- ---------- ---------- -------- 
13972667_38     SUMSTAT         16                                             00:00:21      0:0 
13972667_38+      batch         16        1   00:00:26          0   00:00:26   00:00:21      0:0 
13972667_38+     extern         16        1   00:00:00          0   00:00:00   00:00:21      0:0 

Memory usage stats:
JobID            MaxRSS MaxRSSTask     AveRSS MaxPages   MaxPagesTask   AvePages 
------------ ---------- ---------- ---------- -------- -------------- ---------- 
13972667_38                                                                      
13972667_38+          0          0          0        0              0          0 
13972667_38+          0          0          0        0              0          0 

Disk usage stats:
JobID         MaxDiskRead MaxDiskReadTask    AveDiskRead MaxDiskWrite MaxDiskWriteTask   AveDiskWrite 
------------ ------------ --------------- -------------- ------------ ---------------- -------------- 
13972667_38                                                                                           
13972667_38+            0               0              0            0                0              0 
13972667_38+        0.00M               0          0.00M            0                0              0 

Job 13973579 completed at Fri Mar 25 19:43:56 CET 2022
