Starting job 13973568 on c2-8 at Fri Mar 25 19:42:34 CET 2022

35
COGENT_COG_2017
gzip: gzip: cleaned_GRCh37.gz: No such file or directory
cleaned_GRCh38.gz: No such file or directory

Task and CPU usage stats:
JobID           JobName  AllocCPUS   NTasks     MinCPU MinCPUTask     AveCPU    Elapsed ExitCode 
------------ ---------- ---------- -------- ---------- ---------- ---------- ---------- -------- 
13972667_35     SUMSTAT         16                                             00:00:00      0:0 
13972667_35+      batch         16        1   00:00:00          0   00:00:00   00:00:00      0:0 
13972667_35+     extern         16        1   00:00:00          0   00:00:00   00:00:00      0:0 

Memory usage stats:
JobID            MaxRSS MaxRSSTask     AveRSS MaxPages   MaxPagesTask   AvePages 
------------ ---------- ---------- ---------- -------- -------------- ---------- 
13972667_35                                                                      
13972667_35+          0          0          0        0              0          0 
13972667_35+          0          0          0        0              0          0 

Disk usage stats:
JobID         MaxDiskRead MaxDiskReadTask    AveDiskRead MaxDiskWrite MaxDiskWriteTask   AveDiskWrite 
------------ ------------ --------------- -------------- ------------ ---------------- -------------- 
13972667_35                                                                                           
13972667_35+            0               0              0            0                0              0 
13972667_35+        0.00M               0          0.00M            0                0              0 

Job 13973568 completed at Fri Mar 25 19:42:34 CET 2022
