Starting job 13972676 on c2-3 at Fri Mar 25 16:25:16 CET 2022

27
BCX_Blood_2020_MPV_EA

Task and CPU usage stats:
JobID           JobName  AllocCPUS   NTasks     MinCPU MinCPUTask     AveCPU    Elapsed ExitCode 
------------ ---------- ---------- -------- ---------- ---------- ---------- ---------- -------- 
13972667_27     SUMSTAT         16                                             00:03:59      0:0 
13972667_27+      batch         16        1   00:04:52          0   00:04:52   00:03:59      0:0 
13972667_27+     extern         16        1   00:00:00          0   00:00:00   00:03:59      0:0 

Memory usage stats:
JobID            MaxRSS MaxRSSTask     AveRSS MaxPages   MaxPagesTask   AvePages 
------------ ---------- ---------- ---------- -------- -------------- ---------- 
13972667_27                                                                      
13972667_27+      1568K          0      1568K        0              0          0 
13972667_27+          0          0          0        0              0          0 

Disk usage stats:
JobID         MaxDiskRead MaxDiskReadTask    AveDiskRead MaxDiskWrite MaxDiskWriteTask   AveDiskWrite 
------------ ------------ --------------- -------------- ------------ ---------------- -------------- 
13972667_27                                                                                           
13972667_27+        0.03M               0          0.03M        0.00M                0          0.00M 
13972667_27+        0.00M               0          0.00M            0                0              0 

Job 13972676 completed at Fri Mar 25 16:29:14 CET 2022
