Starting job 13972669 on c2-3 at Fri Mar 25 15:53:44 CET 2022

20
BCX_Blood_2020_EOS_EA

Task and CPU usage stats:
JobID           JobName  AllocCPUS   NTasks     MinCPU MinCPUTask     AveCPU    Elapsed ExitCode 
------------ ---------- ---------- -------- ---------- ---------- ---------- ---------- -------- 
13972667_20     SUMSTAT         16                                             00:04:00      0:0 
13972667_20+      batch         16        1   00:04:59          0   00:04:59   00:04:00      0:0 
13972667_20+     extern         16        1   00:00:00          0   00:00:00   00:04:00      0:0 

Memory usage stats:
JobID            MaxRSS MaxRSSTask     AveRSS MaxPages   MaxPagesTask   AvePages 
------------ ---------- ---------- ---------- -------- -------------- ---------- 
13972667_20                                                                      
13972667_20+      1556K          0      1556K        0              0          0 
13972667_20+          0          0          0        0              0          0 

Disk usage stats:
JobID         MaxDiskRead MaxDiskReadTask    AveDiskRead MaxDiskWrite MaxDiskWriteTask   AveDiskWrite 
------------ ------------ --------------- -------------- ------------ ---------------- -------------- 
13972667_20                                                                                           
13972667_20+        0.03M               0          0.03M        0.00M                0          0.00M 
13972667_20+        0.00M               0          0.00M            0                0              0 

Job 13972669 completed at Fri Mar 25 15:57:44 CET 2022
