Starting job 13972678 on c2-3 at Fri Mar 25 16:33:46 CET 2022

29
BCX_Blood_2020_PLT_EA

Task and CPU usage stats:
JobID           JobName  AllocCPUS   NTasks     MinCPU MinCPUTask     AveCPU    Elapsed ExitCode 
------------ ---------- ---------- -------- ---------- ---------- ---------- ---------- -------- 
13972667_29     SUMSTAT         16                                             00:04:04      0:0 
13972667_29+      batch         16        1   00:04:57          0   00:04:57   00:04:04      0:0 
13972667_29+     extern         16        1   00:00:00          0   00:00:00   00:04:04      0:0 

Memory usage stats:
JobID            MaxRSS MaxRSSTask     AveRSS MaxPages   MaxPagesTask   AvePages 
------------ ---------- ---------- ---------- -------- -------------- ---------- 
13972667_29                                                                      
13972667_29+      1560K          0      1560K        0              0          0 
13972667_29+          0          0          0        0              0          0 

Disk usage stats:
JobID         MaxDiskRead MaxDiskReadTask    AveDiskRead MaxDiskWrite MaxDiskWriteTask   AveDiskWrite 
------------ ------------ --------------- -------------- ------------ ---------------- -------------- 
13972667_29                                                                                           
13972667_29+        0.03M               0          0.03M        0.00M                0          0.00M 
13972667_29+        0.00M               0          0.00M            0                0              0 

Job 13972678 completed at Fri Mar 25 16:37:50 CET 2022
