Starting job 13972670 on c2-3 at Fri Mar 25 15:58:14 CET 2022

21
BCX_Blood_2020_HGB_EA

Task and CPU usage stats:
JobID           JobName  AllocCPUS   NTasks     MinCPU MinCPUTask     AveCPU    Elapsed ExitCode 
------------ ---------- ---------- -------- ---------- ---------- ---------- ---------- -------- 
13972667_21     SUMSTAT         16                                             00:04:04      0:0 
13972667_21+      batch         16        1   00:05:00          0   00:05:00   00:04:04      0:0 
13972667_21+     extern         16        1   00:00:00          0   00:00:00   00:04:04      0:0 

Memory usage stats:
JobID            MaxRSS MaxRSSTask     AveRSS MaxPages   MaxPagesTask   AvePages 
------------ ---------- ---------- ---------- -------- -------------- ---------- 
13972667_21                                                                      
13972667_21+      1568K          0      1568K        0              0          0 
13972667_21+          0          0          0        0              0          0 

Disk usage stats:
JobID         MaxDiskRead MaxDiskReadTask    AveDiskRead MaxDiskWrite MaxDiskWriteTask   AveDiskWrite 
------------ ------------ --------------- -------------- ------------ ---------------- -------------- 
13972667_21                                                                                           
13972667_21+        0.03M               0          0.03M        0.00M                0          0.00M 
13972667_21+        0.00M               0          0.00M            0                0              0 

Job 13972670 completed at Fri Mar 25 16:02:18 CET 2022
