96
SSGAC_RISK_2019
/cluster/projects/p697/projects/SUMSTATv2_RAW/SSGAC_RISK_2019/SSGAC_RISK_2019.cleansumstats_meta /cluster/projects/p697/projects/SUMSTATv2_RAW/SSGAC_RISK_2019/SSGAC_RISK_2019_PC1.cleansumstats_meta
SSGAC_RISK_2019
mkdir: cannot create directory ‘/cluster/projects/p697/users/michaejt/SUMSTATv2_dev/cleansumstats/SSGAC_RISK_2019’: File exists
mkdir: cannot create directory ‘/tsd/p697/home/p697-michaejt/p697code/scratch/SSGAC_RISK_2019’: File exists
-------------------------------------------------------------------------------
There are messages associated with the following module(s):
-------------------------------------------------------------------------------

singularity/3.7.1:
   This is a custom module. You can use "module spider <software>" to search
   for more recent Easybuild modules (those listed under
   /cluster/software/MODULEFILES/easybuild/all). If no recent Easybuild
   module is available, you can request it to be installed:
   https://nettskjema.no/a/usit-sw-request#/page/1

-------------------------------------------------------------------------------

N E X T F L O W  ~  version 21.12.1-edge
Launching `/cleansumstats/main.nf` [berserk_shockley] - revision: ef09f3f0cb
No such file: /cleansumstats/outdir/pipeline_info/execution_trace.txt.3



Task and CPU usage stats:
       JobID    JobName  AllocCPUS   NTasks     MinCPU MinCPUTask     AveCPU    Elapsed ExitCode 
------------ ---------- ---------- -------- ---------- ---------- ---------- ---------- -------- 
13695820_96     SUMSTAT         16                                             00:00:13      1:0 
13695820_96+      batch         16        1   00:00:10          0   00:00:10   00:00:13      1:0 
13695820_96+     extern         16        1   00:00:00          0   00:00:00   00:00:13      0:0 

Memory usage stats:
       JobID     MaxRSS MaxRSSTask     AveRSS MaxPages   MaxPagesTask   AvePages 
------------ ---------- ---------- ---------- -------- -------------- ---------- 
13695820_96                                                                      
13695820_96+          0          0          0        0              0          0 
13695820_96+          0          0          0        0              0          0 

Disk usage stats:
       JobID  MaxDiskRead MaxDiskReadTask    AveDiskRead MaxDiskWrite MaxDiskWriteTask   AveDiskWrite 
------------ ------------ --------------- -------------- ------------ ---------------- -------------- 
13695820_96                                                                                           
13695820_96+            0               0              0            0                0              0 
13695820_96+        0.00M               0          0.00M            0                0              0 

Job 13695826 completed at Mon Feb 28 09:36:35 CET 2022
