Starting job 13964254 on c2-1 at Thu Mar 24 13:42:18 CET 2022

56
iPSYCH_CYTOKINES_2020_S100b

Task and CPU usage stats:
JobID           JobName  AllocCPUS   NTasks     MinCPU MinCPUTask     AveCPU    Elapsed ExitCode 
------------ ---------- ---------- -------- ---------- ---------- ---------- ---------- -------- 
13964244_56     SUMSTAT         16                                             00:00:41      0:0 
13964244_56+      batch         16        1   00:00:50          0   00:00:50   00:00:41      0:0 
13964244_56+     extern         16        1   00:00:00          0   00:00:00   00:00:41      0:0 

Memory usage stats:
JobID            MaxRSS MaxRSSTask     AveRSS MaxPages   MaxPagesTask   AvePages 
------------ ---------- ---------- ---------- -------- -------------- ---------- 
13964244_56                                                                      
13964244_56+      1568K          0      1568K        0              0          0 
13964244_56+          0          0          0        0              0          0 

Disk usage stats:
JobID         MaxDiskRead MaxDiskReadTask    AveDiskRead MaxDiskWrite MaxDiskWriteTask   AveDiskWrite 
------------ ------------ --------------- -------------- ------------ ---------------- -------------- 
13964244_56                                                                                           
13964244_56+        0.03M               0          0.03M        0.00M                0          0.00M 
13964244_56+        0.00M               0          0.00M            0                0              0 

Job 13964254 completed at Thu Mar 24 13:42:59 CET 2022
