Starting job 13964252 on c2-1 at Thu Mar 24 13:41:36 CET 2022

54
iPSYCH_CYTOKINES_2020_IL8

Task and CPU usage stats:
JobID           JobName  AllocCPUS   NTasks     MinCPU MinCPUTask     AveCPU    Elapsed ExitCode 
------------ ---------- ---------- -------- ---------- ---------- ---------- ---------- -------- 
13964244_54     SUMSTAT         16                                             00:00:41      0:0 
13964244_54+      batch         16        1   00:00:50          0   00:00:50   00:00:41      0:0 
13964244_54+     extern         16        1   00:00:00          0   00:00:00   00:00:41      0:0 

Memory usage stats:
JobID            MaxRSS MaxRSSTask     AveRSS MaxPages   MaxPagesTask   AvePages 
------------ ---------- ---------- ---------- -------- -------------- ---------- 
13964244_54                                                                      
13964244_54+      1576K          0      1576K        0              0          0 
13964244_54+          0          0          0        0              0          0 

Disk usage stats:
JobID         MaxDiskRead MaxDiskReadTask    AveDiskRead MaxDiskWrite MaxDiskWriteTask   AveDiskWrite 
------------ ------------ --------------- -------------- ------------ ---------------- -------------- 
13964244_54                                                                                           
13964244_54+        0.03M               0          0.03M        0.00M                0          0.00M 
13964244_54+        0.00M               0          0.00M            0                0              0 

Job 13964252 completed at Thu Mar 24 13:42:16 CET 2022
