Starting job 13964249 on c2-1 at Thu Mar 24 13:40:42 CET 2022

51
iPSYCH_CYTOKINES_2020_EPO

Task and CPU usage stats:
JobID           JobName  AllocCPUS   NTasks     MinCPU MinCPUTask     AveCPU    Elapsed ExitCode 
------------ ---------- ---------- -------- ---------- ---------- ---------- ---------- -------- 
13964244_51     SUMSTAT         16                                             00:00:41      0:0 
13964244_51+      batch         16        1   00:00:50          0   00:00:50   00:00:41      0:0 
13964244_51+     extern         16        1   00:00:00          0   00:00:00   00:00:41      0:0 

Memory usage stats:
JobID            MaxRSS MaxRSSTask     AveRSS MaxPages   MaxPagesTask   AvePages 
------------ ---------- ---------- ---------- -------- -------------- ---------- 
13964244_51                                                                      
13964244_51+      1580K          0      1580K        0              0          0 
13964244_51+          0          0          0        0              0          0 

Disk usage stats:
JobID         MaxDiskRead MaxDiskReadTask    AveDiskRead MaxDiskWrite MaxDiskWriteTask   AveDiskWrite 
------------ ------------ --------------- -------------- ------------ ---------------- -------------- 
13964244_51                                                                                           
13964244_51+        0.03M               0          0.03M        0.00M                0          0.00M 
13964244_51+        0.00M               0          0.00M            0                0              0 

Job 13964249 completed at Thu Mar 24 13:41:23 CET 2022
