Starting job 13964701 on c2-3 at Thu Mar 24 17:16:35 CET 2022

88
PGC_BPD_2017_rietschel

Task and CPU usage stats:
JobID           JobName  AllocCPUS   NTasks     MinCPU MinCPUTask     AveCPU    Elapsed ExitCode 
------------ ---------- ---------- -------- ---------- ---------- ---------- ---------- -------- 
13964244_88     SUMSTAT         16                                             00:00:01      0:0 
13964244_88+      batch         16        1   00:00:00          0   00:00:00   00:00:01      0:0 
13964244_88+     extern         16        1                                    00:00:01      0:0 

Memory usage stats:
JobID            MaxRSS MaxRSSTask     AveRSS MaxPages   MaxPagesTask   AvePages 
------------ ---------- ---------- ---------- -------- -------------- ---------- 
13964244_88                                                                      
13964244_88+          0          0          0        0              0          0 
13964244_88+          0          0          0        0              0          0 

Disk usage stats:
JobID         MaxDiskRead MaxDiskReadTask    AveDiskRead MaxDiskWrite MaxDiskWriteTask   AveDiskWrite 
------------ ------------ --------------- -------------- ------------ ---------------- -------------- 
13964244_88                                                                                           
13964244_88+            0               0              0            0                0              0 
13964244_88+        0.00M               0          0.00M            0                0              0 

Job 13964701 completed at Thu Mar 24 17:16:35 CET 2022
