39
EUP_PSOR_2012

Task and CPU usage stats:
JobID           JobName  AllocCPUS   NTasks     MinCPU MinCPUTask     AveCPU    Elapsed ExitCode 
------------ ---------- ---------- -------- ---------- ---------- ---------- ---------- -------- 
13964244_39     SUMSTAT         16                                             00:00:06      0:0 
13964244_39+      batch         16        1   00:00:06          0   00:00:06   00:00:06      0:0 
13964244_39+     extern         16        1   00:00:00          0   00:00:00   00:00:06      0:0 

Memory usage stats:
JobID            MaxRSS MaxRSSTask     AveRSS MaxPages   MaxPagesTask   AvePages 
------------ ---------- ---------- ---------- -------- -------------- ---------- 
13964244_39                                                                      
13964244_39+          0          0          0        0              0          0 
13964244_39+          0          0          0        0              0          0 

Disk usage stats:
JobID         MaxDiskRead MaxDiskReadTask    AveDiskRead MaxDiskWrite MaxDiskWriteTask   AveDiskWrite 
------------ ------------ --------------- -------------- ------------ ---------------- -------------- 
13964244_39                                                                                           
13964244_39+            0               0              0            0                0              0 
13964244_39+        0.00M               0          0.00M            0                0              0 

Job 13964245 completed at Thu Mar 24 13:40:00 CET 2022
