57
iPSYCH_CYTOKINES_2020_TARC

Task and CPU usage stats:
JobID           JobName  AllocCPUS   NTasks     MinCPU MinCPUTask     AveCPU    Elapsed ExitCode 
------------ ---------- ---------- -------- ---------- ---------- ---------- ---------- -------- 
13964244_57     SUMSTAT         16                                             00:00:42      0:0 
13964244_57+      batch         16        1   00:00:49          0   00:00:49   00:00:42      0:0 
13964244_57+     extern         16        1   00:00:00          0   00:00:00   00:00:42      0:0 

Memory usage stats:
JobID            MaxRSS MaxRSSTask     AveRSS MaxPages   MaxPagesTask   AvePages 
------------ ---------- ---------- ---------- -------- -------------- ---------- 
13964244_57                                                                      
13964244_57+      1580K          0      1580K        0              0          0 
13964244_57+          0          0          0        0              0          0 

Disk usage stats:
JobID         MaxDiskRead MaxDiskReadTask    AveDiskRead MaxDiskWrite MaxDiskWriteTask   AveDiskWrite 
------------ ------------ --------------- -------------- ------------ ---------------- -------------- 
13964244_57                                                                                           
13964244_57+        0.03M               0          0.03M        0.00M                0          0.00M 
13964244_57+        0.00M               0          0.00M            0                0              0 

Job 13964691 completed at Thu Mar 24 16:35:26 CET 2022
