Starting job 13964246 on c2-1 at Thu Mar 24 13:39:55 CET 2022

42
GAMEON_OVARIAN_2013_FOCI

Task and CPU usage stats:
JobID           JobName  AllocCPUS   NTasks     MinCPU MinCPUTask     AveCPU    Elapsed ExitCode 
------------ ---------- ---------- -------- ---------- ---------- ---------- ---------- -------- 
13964244_42     SUMSTAT         16                                             00:00:13      0:0 
13964244_42+      batch         16        1   00:00:14          0   00:00:14   00:00:13      0:0 
13964244_42+     extern         16        1   00:00:00          0   00:00:00   00:00:13      0:0 

Memory usage stats:
JobID            MaxRSS MaxRSSTask     AveRSS MaxPages   MaxPagesTask   AvePages 
------------ ---------- ---------- ---------- -------- -------------- ---------- 
13964244_42                                                                      
13964244_42+          0          0          0        0              0          0 
13964244_42+          0          0          0        0              0          0 

Disk usage stats:
JobID         MaxDiskRead MaxDiskReadTask    AveDiskRead MaxDiskWrite MaxDiskWriteTask   AveDiskWrite 
------------ ------------ --------------- -------------- ------------ ---------------- -------------- 
13964244_42                                                                                           
13964244_42+            0               0              0            0                0              0 
13964244_42+        0.00M               0          0.00M            0                0              0 

Job 13964246 completed at Thu Mar 24 13:40:08 CET 2022
