Starting job 13964244 on c2-3 at Thu Mar 24 17:16:47 CET 2022

93
PGC_MDD_2018_no23andMe_noUKBB

Task and CPU usage stats:
JobID           JobName  AllocCPUS   NTasks     MinCPU MinCPUTask     AveCPU    Elapsed ExitCode 
------------ ---------- ---------- -------- ---------- ---------- ---------- ---------- -------- 
13964244_39     SUMSTAT         16                                             00:00:06      0:0 
13964244_39+      batch         16        1   00:00:06          0   00:00:06   00:00:06      0:0 
13964244_39+     extern         16        1   00:00:00          0   00:00:00   00:00:06      0:0 
13964244_42     SUMSTAT         16                                             00:00:13      0:0 
13964244_42+      batch         16        1   00:00:14          0   00:00:14   00:00:13      0:0 
13964244_42+     extern         16        1   00:00:00          0   00:00:00   00:00:13      0:0 
13964244_49     SUMSTAT         16                                             00:00:40      0:0 
13964244_49+      batch         16        1   00:00:50          0   00:00:50   00:00:40      0:0 
13964244_49+     extern         16        1   00:00:00          0   00:00:00   00:00:40      0:0 
13964244_50     SUMSTAT         16                                             00:00:41      0:0 
13964244_50+      batch         16        1   00:00:50          0   00:00:50   00:00:41      0:0 
13964244_50+     extern         16        1   00:00:00          0   00:00:00   00:00:41      0:0 
13964244_51     SUMSTAT         16                                             00:00:41      0:0 
13964244_51+      batch         16        1   00:00:50          0   00:00:50   00:00:41      0:0 
13964244_51+     extern         16        1   00:00:00          0   00:00:00   00:00:41      0:0 
13964244_52     SUMSTAT         16                                             00:00:41      0:0 
13964244_52+      batch         16        1   00:00:49          0   00:00:49   00:00:41      0:0 
13964244_52+     extern         16        1   00:00:00          0   00:00:00   00:00:41      0:0 
13964244_53     SUMSTAT         16                                             00:00:40      0:0 
13964244_53+      batch         16        1   00:00:49          0   00:00:49   00:00:40      0:0 
13964244_53+     extern         16        1   00:00:00          0   00:00:00   00:00:40      0:0 
13964244_54     SUMSTAT         16                                             00:00:41      0:0 
13964244_54+      batch         16        1   00:00:50          0   00:00:50   00:00:41      0:0 
13964244_54+     extern         16        1   00:00:00          0   00:00:00   00:00:41      0:0 
13964244_55     SUMSTAT         16                                             00:00:40      0:0 
13964244_55+      batch         16        1   00:00:48          0   00:00:48   00:00:40      0:0 
13964244_55+     extern         16        1   00:00:00          0   00:00:00   00:00:40      0:0 
13964244_56     SUMSTAT         16                                             00:00:41      0:0 
13964244_56+      batch         16        1   00:00:50          0   00:00:50   00:00:41      0:0 
13964244_56+     extern         16        1   00:00:00          0   00:00:00   00:00:41      0:0 
13964244_57     SUMSTAT         16                                             00:00:42      0:0 
13964244_57+      batch         16        1   00:00:49          0   00:00:49   00:00:42      0:0 
13964244_57+     extern         16        1   00:00:00          0   00:00:00   00:00:42      0:0 
13964244_58     SUMSTAT         16                                             00:00:40      0:0 
13964244_58+      batch         16        1   00:00:48          0   00:00:48   00:00:40      0:0 
13964244_58+     extern         16        1   00:00:00          0   00:00:00   00:00:40      0:0 
13964244_79     SUMSTAT         16                                             00:00:01      0:0 
13964244_79+      batch         16        1   00:00:00          0   00:00:00   00:00:01      0:0 
13964244_79+     extern         16        1   00:00:00          0   00:00:00   00:00:01      0:0 
13964244_87     SUMSTAT         16                                             00:00:14      0:0 
13964244_87+      batch         16        1   00:00:15          0   00:00:15   00:00:14      0:0 
13964244_87+     extern         16        1   00:00:00          0   00:00:00   00:00:14      0:0 
13964244_88     SUMSTAT         16                                             00:00:01      0:0 
13964244_88+      batch         16        1   00:00:00          0   00:00:00   00:00:01      0:0 
13964244_88+     extern         16        1   00:00:00          0   00:00:00   00:00:01      0:0 
13964244_91     SUMSTAT         16                                             00:00:08      0:0 
13964244_91+      batch         16        1   00:00:08          0   00:00:08   00:00:08      0:0 
13964244_91+     extern         16        1   00:00:00          0   00:00:00   00:00:08      0:0 
13964244_93     SUMSTAT         16                                             00:01:04      0:0 
13964244_93+      batch         16        1   00:01:19          0   00:01:19   00:01:04      0:0 
13964244_93+     extern         16        1   00:00:00          0   00:00:00   00:01:04      0:0 

Memory usage stats:
JobID            MaxRSS MaxRSSTask     AveRSS MaxPages   MaxPagesTask   AvePages 
------------ ---------- ---------- ---------- -------- -------------- ---------- 
13964244_39                                                                      
13964244_39+          0          0          0        0              0          0 
13964244_39+          0          0          0        0              0          0 
13964244_42                                                                      
13964244_42+          0          0          0        0              0          0 
13964244_42+          0          0          0        0              0          0 
13964244_49                                                                      
13964244_49+      1576K          0      1576K        0              0          0 
13964244_49+          0          0          0        0              0          0 
13964244_50                                                                      
13964244_50+      1572K          0      1572K        0              0          0 
13964244_50+          0          0          0        0              0          0 
13964244_51                                                                      
13964244_51+      1580K          0      1580K        0              0          0 
13964244_51+          0          0          0        0              0          0 
13964244_52                                                                      
13964244_52+      1580K          0      1580K        0              0          0 
13964244_52+          0          0          0        0              0          0 
13964244_53                                                                      
13964244_53+      1584K          0      1584K        0              0          0 
13964244_53+          0          0          0        0              0          0 
13964244_54                                                                      
13964244_54+      1576K          0      1576K        0              0          0 
13964244_54+          0          0          0        0              0          0 
13964244_55                                                                      
13964244_55+      1576K          0      1576K        0              0          0 
13964244_55+          0          0          0        0              0          0 
13964244_56                                                                      
13964244_56+      1568K          0      1568K        0              0          0 
13964244_56+          0          0          0        0              0          0 
13964244_57                                                                      
13964244_57+      1580K          0      1580K        0              0          0 
13964244_57+          0          0          0        0              0          0 
13964244_58                                                                      
13964244_58+      1576K          0      1576K        0              0          0 
13964244_58+          0          0          0        0              0          0 
13964244_79                                                                      
13964244_79+          0          0          0        0              0          0 
13964244_79+          0          0          0        0              0          0 
13964244_87                                                                      
13964244_87+          0          0          0        0              0          0 
13964244_87+          0          0          0        0              0          0 
13964244_88                                                                      
13964244_88+          0          0          0        0              0          0 
13964244_88+          0          0          0        0              0          0 
13964244_91                                                                      
13964244_91+          0          0          0        0              0          0 
13964244_91+          0          0          0        0              0          0 
13964244_93                                                                      
13964244_93+      1572K          0      1572K        0              0          0 
13964244_93+          0          0          0        0              0          0 

Disk usage stats:
JobID         MaxDiskRead MaxDiskReadTask    AveDiskRead MaxDiskWrite MaxDiskWriteTask   AveDiskWrite 
------------ ------------ --------------- -------------- ------------ ---------------- -------------- 
13964244_39                                                                                           
13964244_39+            0               0              0            0                0              0 
13964244_39+        0.00M               0          0.00M            0                0              0 
13964244_42                                                                                           
13964244_42+            0               0              0            0                0              0 
13964244_42+        0.00M               0          0.00M            0                0              0 
13964244_49                                                                                           
13964244_49+        0.03M               0          0.03M        0.00M                0          0.00M 
13964244_49+        0.00M               0          0.00M            0                0              0 
13964244_50                                                                                           
13964244_50+        0.03M               0          0.03M        0.00M                0          0.00M 
13964244_50+        0.00M               0          0.00M            0                0              0 
13964244_51                                                                                           
13964244_51+        0.03M               0          0.03M        0.00M                0          0.00M 
13964244_51+        0.00M               0          0.00M            0                0              0 
13964244_52                                                                                           
13964244_52+        0.03M               0          0.03M        0.00M                0          0.00M 
13964244_52+        0.00M               0          0.00M            0                0              0 
13964244_53                                                                                           
13964244_53+        0.03M               0          0.03M        0.00M                0          0.00M 
13964244_53+        0.00M               0          0.00M            0                0              0 
13964244_54                                                                                           
13964244_54+        0.03M               0          0.03M        0.00M                0          0.00M 
13964244_54+        0.00M               0          0.00M            0                0              0 
13964244_55                                                                                           
13964244_55+        0.03M               0          0.03M        0.00M                0          0.00M 
13964244_55+        0.00M               0          0.00M            0                0              0 
13964244_56                                                                                           
13964244_56+        0.03M               0          0.03M        0.00M                0          0.00M 
13964244_56+        0.00M               0          0.00M            0                0              0 
13964244_57                                                                                           
13964244_57+        0.03M               0          0.03M        0.00M                0          0.00M 
13964244_57+        0.00M               0          0.00M            0                0              0 
13964244_58                                                                                           
13964244_58+        0.03M               0          0.03M        0.00M                0          0.00M 
13964244_58+        0.00M               0          0.00M            0                0              0 
13964244_79                                                                                           
13964244_79+            0               0              0            0                0              0 
13964244_79+        0.00M               0          0.00M            0                0              0 
13964244_87                                                                                           
13964244_87+            0               0              0            0                0              0 
13964244_87+        0.00M               0          0.00M            0                0              0 
13964244_88                                                                                           
13964244_88+            0               0              0            0                0              0 
13964244_88+        0.00M               0          0.00M            0                0              0 
13964244_91                                                                                           
13964244_91+            0               0              0            0                0              0 
13964244_91+        0.00M               0          0.00M            0                0              0 
13964244_93                                                                                           
13964244_93+        0.03M               0          0.03M        0.00M                0          0.00M 
13964244_93+        0.00M               0          0.00M            0                0              0 

Job 13964244 completed at Thu Mar 24 17:17:50 CET 2022
