Starting job 13964251 on c2-1 at Thu Mar 24 13:41:24 CET 2022

53
iPSYCH_CYTOKINES_2020_IL18

Task and CPU usage stats:
JobID           JobName  AllocCPUS   NTasks     MinCPU MinCPUTask     AveCPU    Elapsed ExitCode 
------------ ---------- ---------- -------- ---------- ---------- ---------- ---------- -------- 
13964244_53     SUMSTAT         16                                             00:00:40      0:0 
13964244_53+      batch         16        1   00:00:49          0   00:00:49   00:00:40      0:0 
13964244_53+     extern         16        1   00:00:00          0   00:00:00   00:00:40      0:0 

Memory usage stats:
JobID            MaxRSS MaxRSSTask     AveRSS MaxPages   MaxPagesTask   AvePages 
------------ ---------- ---------- ---------- -------- -------------- ---------- 
13964244_53                                                                      
13964244_53+      1584K          0      1584K        0              0          0 
13964244_53+          0          0          0        0              0          0 

Disk usage stats:
JobID         MaxDiskRead MaxDiskReadTask    AveDiskRead MaxDiskWrite MaxDiskWriteTask   AveDiskWrite 
------------ ------------ --------------- -------------- ------------ ---------------- -------------- 
13964244_53                                                                                           
13964244_53+        0.03M               0          0.03M        0.00M                0          0.00M 
13964244_53+        0.00M               0          0.00M            0                0              0 

Job 13964251 completed at Thu Mar 24 13:42:04 CET 2022
