Starting job 13964710 on c2-3 at Thu Mar 24 17:16:38 CET 2022

91
PGC_MDD_2012

Task and CPU usage stats:
JobID           JobName  AllocCPUS   NTasks     MinCPU MinCPUTask     AveCPU    Elapsed ExitCode 
------------ ---------- ---------- -------- ---------- ---------- ---------- ---------- -------- 
13964244_91     SUMSTAT         16                                             00:00:08      0:0 
13964244_91+      batch         16        1   00:00:08          0   00:00:08   00:00:08      0:0 
13964244_91+     extern         16        1   00:00:00          0   00:00:00   00:00:08      0:0 

Memory usage stats:
JobID            MaxRSS MaxRSSTask     AveRSS MaxPages   MaxPagesTask   AvePages 
------------ ---------- ---------- ---------- -------- -------------- ---------- 
13964244_91                                                                      
13964244_91+          0          0          0        0              0          0 
13964244_91+          0          0          0        0              0          0 

Disk usage stats:
JobID         MaxDiskRead MaxDiskReadTask    AveDiskRead MaxDiskWrite MaxDiskWriteTask   AveDiskWrite 
------------ ------------ --------------- -------------- ------------ ---------------- -------------- 
13964244_91                                                                                           
13964244_91+            0               0              0            0                0              0 
13964244_91+        0.00M               0          0.00M            0                0              0 

Job 13964710 completed at Thu Mar 24 17:16:45 CET 2022
