Starting job 13964700 on c2-3 at Thu Mar 24 17:16:19 CET 2022

87
PGC_BIP_2012

Task and CPU usage stats:
JobID           JobName  AllocCPUS   NTasks     MinCPU MinCPUTask     AveCPU    Elapsed ExitCode 
------------ ---------- ---------- -------- ---------- ---------- ---------- ---------- -------- 
13964244_87     SUMSTAT         16                                             00:00:14      0:0 
13964244_87+      batch         16        1   00:00:15          0   00:00:15   00:00:14      0:0 
13964244_87+     extern         16        1   00:00:00          0   00:00:00   00:00:14      0:0 

Memory usage stats:
JobID            MaxRSS MaxRSSTask     AveRSS MaxPages   MaxPagesTask   AvePages 
------------ ---------- ---------- ---------- -------- -------------- ---------- 
13964244_87                                                                      
13964244_87+          0          0          0        0              0          0 
13964244_87+          0          0          0        0              0          0 

Disk usage stats:
JobID         MaxDiskRead MaxDiskReadTask    AveDiskRead MaxDiskWrite MaxDiskWriteTask   AveDiskWrite 
------------ ------------ --------------- -------------- ------------ ---------------- -------------- 
13964244_87                                                                                           
13964244_87+            0               0              0            0                0              0 
13964244_87+        0.00M               0          0.00M            0                0              0 

Job 13964700 completed at Thu Mar 24 17:16:32 CET 2022
