Starting job 13964253 on c2-1 at Thu Mar 24 13:42:05 CET 2022

55
iPSYCH_CYTOKINES_2020_MCP1

Task and CPU usage stats:
JobID           JobName  AllocCPUS   NTasks     MinCPU MinCPUTask     AveCPU    Elapsed ExitCode 
------------ ---------- ---------- -------- ---------- ---------- ---------- ---------- -------- 
13964244_55     SUMSTAT         16                                             00:00:40      0:0 
13964244_55+      batch         16        1   00:00:48          0   00:00:48   00:00:40      0:0 
13964244_55+     extern         16        1   00:00:00          0   00:00:00   00:00:40      0:0 

Memory usage stats:
JobID            MaxRSS MaxRSSTask     AveRSS MaxPages   MaxPagesTask   AvePages 
------------ ---------- ---------- ---------- -------- -------------- ---------- 
13964244_55                                                                      
13964244_55+      1576K          0      1576K        0              0          0 
13964244_55+          0          0          0        0              0          0 

Disk usage stats:
JobID         MaxDiskRead MaxDiskReadTask    AveDiskRead MaxDiskWrite MaxDiskWriteTask   AveDiskWrite 
------------ ------------ --------------- -------------- ------------ ---------------- -------------- 
13964244_55                                                                                           
13964244_55+        0.03M               0          0.03M        0.00M                0          0.00M 
13964244_55+        0.00M               0          0.00M            0                0              0 

Job 13964253 completed at Thu Mar 24 13:42:45 CET 2022
