Starting job 13964247 on c2-1 at Thu Mar 24 13:40:01 CET 2022

49
iPSYCH_CYTOKINES_2020_BDNF

Task and CPU usage stats:
JobID           JobName  AllocCPUS   NTasks     MinCPU MinCPUTask     AveCPU    Elapsed ExitCode 
------------ ---------- ---------- -------- ---------- ---------- ---------- ---------- -------- 
13964244_49     SUMSTAT         16                                             00:00:40      0:0 
13964244_49+      batch         16        1   00:00:50          0   00:00:50   00:00:40      0:0 
13964244_49+     extern         16        1   00:00:00          0   00:00:00   00:00:40      0:0 

Memory usage stats:
JobID            MaxRSS MaxRSSTask     AveRSS MaxPages   MaxPagesTask   AvePages 
------------ ---------- ---------- ---------- -------- -------------- ---------- 
13964244_49                                                                      
13964244_49+      1576K          0      1576K        0              0          0 
13964244_49+          0          0          0        0              0          0 

Disk usage stats:
JobID         MaxDiskRead MaxDiskReadTask    AveDiskRead MaxDiskWrite MaxDiskWriteTask   AveDiskWrite 
------------ ------------ --------------- -------------- ------------ ---------------- -------------- 
13964244_49                                                                                           
13964244_49+        0.03M               0          0.03M        0.00M                0          0.00M 
13964244_49+        0.00M               0          0.00M            0                0              0 

Job 13964247 completed at Thu Mar 24 13:40:42 CET 2022
