Starting job 13964698 on c2-3 at Thu Mar 24 16:36:06 CET 2022

79
NORMENT_BIP_2017_TOP9

Task and CPU usage stats:
JobID           JobName  AllocCPUS   NTasks     MinCPU MinCPUTask     AveCPU    Elapsed ExitCode 
------------ ---------- ---------- -------- ---------- ---------- ---------- ---------- -------- 
13964244_79     SUMSTAT         16                                             00:00:01      0:0 
13964244_79+      batch         16        1   00:00:00          0   00:00:00   00:00:01      0:0 
13964244_79+     extern         16        1                                    00:00:01      0:0 

Memory usage stats:
JobID            MaxRSS MaxRSSTask     AveRSS MaxPages   MaxPagesTask   AvePages 
------------ ---------- ---------- ---------- -------- -------------- ---------- 
13964244_79                                                                      
13964244_79+          0          0          0        0              0          0 
13964244_79+          0          0          0        0              0          0 

Disk usage stats:
JobID         MaxDiskRead MaxDiskReadTask    AveDiskRead MaxDiskWrite MaxDiskWriteTask   AveDiskWrite 
------------ ------------ --------------- -------------- ------------ ---------------- -------------- 
13964244_79                                                                                           
13964244_79+            0               0              0            0                0              0 
13964244_79+        0.00M               0          0.00M            0                0              0 

Job 13964698 completed at Thu Mar 24 16:36:08 CET 2022
