Starting job 13654897 on c2-3 at Mon Feb 21 22:09:52 CET 2022

96
SSGAC_RISK_2019
/cluster/projects/p697/projects/SUMSTATv2_RAW/SSGAC_RISK_2019/SSGAC_RISK_2019.cleansumstats_meta /cluster/projects/p697/projects/SUMSTATv2_RAW/SSGAC_RISK_2019/SSGAC_RISK_2019_PC1.cleansumstats_meta
SSGAC_RISK_2019
-------------------------------------------------------------------------------
There are messages associated with the following module(s):
-------------------------------------------------------------------------------

singularity/3.7.1:
   This is a custom module. You can use "module spider <software>" to search
   for more recent Easybuild modules (those listed under
   /cluster/software/MODULEFILES/easybuild/all). If no recent Easybuild
   module is available, you can request it to be installed:
   https://nettskjema.no/a/usit-sw-request#/page/1

-------------------------------------------------------------------------------

mkdir: cannot create directory ‘out’: Permission denied
outdir doesn't exist

Task and CPU usage stats:
       JobID    JobName  AllocCPUS   NTasks     MinCPU MinCPUTask     AveCPU    Elapsed ExitCode 
------------ ---------- ---------- -------- ---------- ---------- ---------- ---------- -------- 
13654897     allocation         16                                             00:00:00      1:0 
13654897.ba+      batch         16        1   00:00:00          0   00:00:00   00:00:02      1:0 
13654897.ex+     extern         16        1   00:00:00          0   00:00:00   00:00:02      0:0 

Memory usage stats:
       JobID     MaxRSS MaxRSSTask     AveRSS MaxPages   MaxPagesTask   AvePages 
------------ ---------- ---------- ---------- -------- -------------- ---------- 
13654897                                                                         
13654897.ba+          0          0          0        0              0          0 
13654897.ex+          0          0          0        0              0          0 

Disk usage stats:
       JobID  MaxDiskRead MaxDiskReadTask    AveDiskRead MaxDiskWrite MaxDiskWriteTask   AveDiskWrite 
------------ ------------ --------------- -------------- ------------ ---------------- -------------- 
13654897                                                                                              
13654897.ba+            0               0              0            0                0              0 
13654897.ex+        0.00M               0          0.00M            0                0              0 

Job 13654897 completed at Mon Feb 21 22:09:53 CET 2022
