54
iPSYCH_CYTOKINES_2020_IL8
/cluster/projects/p697/projects/SUMSTATv2_RAW/iPSYCH_CYTOKINES_2020/iPSYCH_CYTOKINES_2020_IL8.cleansumstats_meta
iPSYCH_CYTOKINES_2020_IL8
-------------------------------------------------------------------------------
There are messages associated with the following module(s):
-------------------------------------------------------------------------------

singularity/3.7.1:
   This is a custom module. You can use "module spider <software>" to search
   for more recent Easybuild modules (those listed under
   /cluster/software/MODULEFILES/easybuild/all). If no recent Easybuild
   module is available, you can request it to be installed:
   https://nettskjema.no/a/usit-sw-request#/page/1

-------------------------------------------------------------------------------

Can't lock file: /cleansumstats/tmp/fake-home/.nextflow/history -- Nextflow needs to run in a file system that supports file locks



Task and CPU usage stats:
       JobID    JobName  AllocCPUS   NTasks     MinCPU MinCPUTask     AveCPU    Elapsed ExitCode 
------------ ---------- ---------- -------- ---------- ---------- ---------- ---------- -------- 
13654819_54     SUMSTAT         16                                             00:00:18      1:0 
13654819_54+      batch         16        1   00:00:04          0   00:00:04   00:00:18      1:0 
13654819_54+     extern         16        1   00:00:00          0   00:00:00   00:00:18      0:0 

Memory usage stats:
       JobID     MaxRSS MaxRSSTask     AveRSS MaxPages   MaxPagesTask   AvePages 
------------ ---------- ---------- ---------- -------- -------------- ---------- 
13654819_54                                                                      
13654819_54+          0          0          0        0              0          0 
13654819_54+          0          0          0        0              0          0 

Disk usage stats:
       JobID  MaxDiskRead MaxDiskReadTask    AveDiskRead MaxDiskWrite MaxDiskWriteTask   AveDiskWrite 
------------ ------------ --------------- -------------- ------------ ---------------- -------------- 
13654819_54                                                                                           
13654819_54+            0               0              0            0                0              0 
13654819_54+        0.00M               0          0.00M            0                0              0 

Job 13654854 completed at Mon Feb 21 22:09:10 CET 2022
