35
COGENT_COG_2017
/cluster/projects/p697/projects/SUMSTATv2_RAW/COGENT_COG_2017/COGENT_COG_2017.cleansumstats_meta /cluster/projects/p697/projects/SUMSTATv2_RAW/COGENT_COG_2017_noCHARGE/COGENT_COG_2017_noCHARGE.cleansumstats_meta /cluster/projects/p697/projects/SUMSTATv2_RAW/COGENT_COG_2017_noTOP/COGENT_COG_2017_noTOP.cleansumstats_meta
COGENT_COG_2017
-------------------------------------------------------------------------------
There are messages associated with the following module(s):
-------------------------------------------------------------------------------

singularity/3.7.1:
   This is a custom module. You can use "module spider <software>" to search
   for more recent Easybuild modules (those listed under
   /cluster/software/MODULEFILES/easybuild/all). If no recent Easybuild
   module is available, you can request it to be installed:
   https://nettskjema.no/a/usit-sw-request#/page/1

-------------------------------------------------------------------------------

mkdir: cannot create directory ‘out’: Permission denied
outdir doesn't exist

Task and CPU usage stats:
       JobID    JobName  AllocCPUS   NTasks     MinCPU MinCPUTask     AveCPU    Elapsed ExitCode 
------------ ---------- ---------- -------- ---------- ---------- ---------- ---------- -------- 
13654819_35     SUMSTAT         16                                             00:00:07      1:0 
13654819_35+      batch         16        1   00:00:00          0   00:00:00   00:00:07      1:0 
13654819_35+     extern         16        1   00:00:00          0   00:00:00   00:00:07      0:0 

Memory usage stats:
       JobID     MaxRSS MaxRSSTask     AveRSS MaxPages   MaxPagesTask   AvePages 
------------ ---------- ---------- ---------- -------- -------------- ---------- 
13654819_35                                                                      
13654819_35+          0          0          0        0              0          0 
13654819_35+          0          0          0        0              0          0 

Disk usage stats:
       JobID  MaxDiskRead MaxDiskReadTask    AveDiskRead MaxDiskWrite MaxDiskWriteTask   AveDiskWrite 
------------ ------------ --------------- -------------- ------------ ---------------- -------------- 
13654819_35                                                                                           
13654819_35+            0               0              0            0                0              0 
13654819_35+        0.00M               0          0.00M            0                0              0 

Job 13654835 completed at Mon Feb 21 22:08:58 CET 2022
