Starting job 13654833 on c2-2 at Mon Feb 21 22:08:57 CET 2022

33
BROADABC_ASB_2017
/cluster/projects/p697/projects/SUMSTATv2_RAW/BROADABC_ASB_2017/BROADABC_ASB_2017.cleansumstats_meta
BROADABC_ASB_2017
-------------------------------------------------------------------------------
There are messages associated with the following module(s):
-------------------------------------------------------------------------------

singularity/3.7.1:
   This is a custom module. You can use "module spider <software>" to search
   for more recent Easybuild modules (those listed under
   /cluster/software/MODULEFILES/easybuild/all). If no recent Easybuild
   module is available, you can request it to be installed:
   https://nettskjema.no/a/usit-sw-request#/page/1

-------------------------------------------------------------------------------

Can't lock file: /cleansumstats/tmp/fake-home/.nextflow/history -- Nextflow needs to run in a file system that supports file locks



Task and CPU usage stats:
       JobID    JobName  AllocCPUS   NTasks     MinCPU MinCPUTask     AveCPU    Elapsed ExitCode 
------------ ---------- ---------- -------- ---------- ---------- ---------- ---------- -------- 
13654819_33     SUMSTAT         16                                             00:00:19      1:0 
13654819_33+      batch         16        1   00:00:04          0   00:00:04   00:00:19      1:0 
13654819_33+     extern         16        1   00:00:00          0   00:00:00   00:00:19      0:0 

Memory usage stats:
       JobID     MaxRSS MaxRSSTask     AveRSS MaxPages   MaxPagesTask   AvePages 
------------ ---------- ---------- ---------- -------- -------------- ---------- 
13654819_33                                                                      
13654819_33+          0          0          0        0              0          0 
13654819_33+          0          0          0        0              0          0 

Disk usage stats:
       JobID  MaxDiskRead MaxDiskReadTask    AveDiskRead MaxDiskWrite MaxDiskWriteTask   AveDiskWrite 
------------ ------------ --------------- -------------- ------------ ---------------- -------------- 
13654819_33                                                                                           
13654819_33+            0               0              0            0                0              0 
13654819_33+        0.00M               0          0.00M            0                0              0 

Job 13654833 completed at Mon Feb 21 22:09:10 CET 2022
