Starting job 13654819 on c2-4 at Mon Feb 21 22:09:52 CET 2022

98
UKB_MIG_2021
/cluster/projects/p697/projects/SUMSTATv2_RAW/UKB_MIG_2021/UKB_MIG_2021.cleansumstats_meta /cluster/projects/p697/projects/SUMSTATv2_RAW/HUNT_MIG_2021/HUNT_MIG_2021_with_UKB_MIG_2021.cleansumstats_meta
UKB_MIG_2021
-------------------------------------------------------------------------------
There are messages associated with the following module(s):
-------------------------------------------------------------------------------

singularity/3.7.1:
   This is a custom module. You can use "module spider <software>" to search
   for more recent Easybuild modules (those listed under
   /cluster/software/MODULEFILES/easybuild/all). If no recent Easybuild
   module is available, you can request it to be installed:
   https://nettskjema.no/a/usit-sw-request#/page/1

-------------------------------------------------------------------------------

mkdir: cannot create directory ‘out’: Permission denied
outdir doesn't exist

Task and CPU usage stats:
       JobID    JobName  AllocCPUS   NTasks     MinCPU MinCPUTask     AveCPU    Elapsed ExitCode 
------------ ---------- ---------- -------- ---------- ---------- ---------- ---------- -------- 
13654819_20     SUMSTAT         16                                             00:01:02      0:0 
13654819_20+      batch         16        1                                    00:01:02      0:0 
13654819_20+     extern         16        1                                    00:01:02      0:0 
13654819_21     SUMSTAT         16                                             00:01:02      0:0 
13654819_21+      batch         16        1                                    00:01:02      0:0 
13654819_21+     extern         16        1                                    00:01:02      0:0 
13654819_22     SUMSTAT         16                                             00:01:02      0:0 
13654819_22+      batch         16        1                                    00:01:02      0:0 
13654819_22+     extern         16        1                                    00:01:02      0:0 
13654819_23     SUMSTAT         16                                             00:01:02      0:0 
13654819_23+      batch         16        1                                    00:01:02      0:0 
13654819_23+     extern         16        1                                    00:01:02      0:0 
13654819_24     SUMSTAT         16                                             00:01:02      0:0 
13654819_24+      batch         16        1                                    00:01:02      0:0 
13654819_24+     extern         16        1                                    00:01:02      0:0 
13654819_25     SUMSTAT         16                                             00:01:02      0:0 
13654819_25+      batch         16        1                                    00:01:02      0:0 
13654819_25+     extern         16        1                                    00:01:02      0:0 
13654819_26     SUMSTAT         16                                             00:01:02      0:0 
13654819_26+      batch         16        1                                    00:01:02      0:0 
13654819_26+     extern         16        1                                    00:01:02      0:0 
13654819_27     SUMSTAT         16                                             00:01:02      0:0 
13654819_27+      batch         16        1                                    00:01:02      0:0 
13654819_27+     extern         16        1                                    00:01:02      0:0 
13654819_28     SUMSTAT         16                                             00:01:02      0:0 
13654819_28+      batch         16        1                                    00:01:02      0:0 
13654819_28+     extern         16        1                                    00:01:02      0:0 
13654819_29     SUMSTAT         16                                             00:01:02      0:0 
13654819_29+      batch         16        1                                    00:01:02      0:0 
13654819_29+     extern         16        1                                    00:01:02      0:0 
13654819_30     SUMSTAT         16                                             00:01:02      0:0 
13654819_30+      batch         16        1                                    00:01:02      0:0 
13654819_30+     extern         16        1                                    00:01:02      0:0 
13654819_31     SUMSTAT         16                                             00:01:02      0:0 
13654819_31+      batch         16        1                                    00:01:02      0:0 
13654819_31+     extern         16        1                                    00:01:02      0:0 
13654819_32     SUMSTAT         16                                             00:01:02      0:0 
13654819_32+      batch         16        1                                    00:01:02      0:0 
13654819_32+     extern         16        1                                    00:01:02      0:0 
13654819_33     SUMSTAT         16                                             00:00:19      1:0 
13654819_33+      batch         16        1   00:00:04          0   00:00:04   00:00:19      1:0 
13654819_33+     extern         16        1   00:00:00          0   00:00:00   00:00:19      0:0 
13654819_34     SUMSTAT         16                                             00:00:25      1:0 
13654819_34+      batch         16        1   00:00:15          0   00:00:15   00:00:25      1:0 
13654819_34+     extern         16        1   00:00:00          0   00:00:00   00:00:26      0:0 
13654819_35     SUMSTAT         16                                             00:00:07      1:0 
13654819_35+      batch         16        1   00:00:00          0   00:00:00   00:00:07      1:0 
13654819_35+     extern         16        1   00:00:00          0   00:00:00   00:00:07      0:0 
13654819_36     SUMSTAT         16                                             00:01:02      0:0 
13654819_36+      batch         16        1                                    00:01:02      0:0 
13654819_36+     extern         16        1                                    00:01:02      0:0 
13654819_37     SUMSTAT         16                                             00:00:26      1:0 
13654819_37+      batch         16        1   00:00:14          0   00:00:14   00:00:26      1:0 
13654819_37+     extern         16        1   00:00:00          0   00:00:00   00:00:26      0:0 
13654819_38     SUMSTAT         16                                             00:01:02      0:0 
13654819_38+      batch         16        1                                    00:01:02      0:0 
13654819_38+     extern         16        1                                    00:01:02      0:0 
13654819_39     SUMSTAT         16                                             00:00:29      1:0 
13654819_39+      batch         16        1   00:00:19          0   00:00:19   00:00:29      1:0 
13654819_39+     extern         16        1   00:00:00          0   00:00:00   00:00:29      0:0 
13654819_40     SUMSTAT         16                                             00:00:26      1:0 
13654819_40+      batch         16        1   00:00:14          0   00:00:14   00:00:26      1:0 
13654819_40+     extern         16        1   00:00:00          0   00:00:00   00:00:26      0:0 
13654819_41     SUMSTAT         16                                             00:00:26      1:0 
13654819_41+      batch         16        1   00:00:14          0   00:00:14   00:00:26      1:0 
13654819_41+     extern         16        1   00:00:00          0   00:00:00   00:00:26      0:0 
13654819_42     SUMSTAT         16                                             00:00:29      1:0 
13654819_42+      batch         16        1   00:00:19          0   00:00:19   00:00:29      1:0 
13654819_42+     extern         16        1   00:00:00          0   00:00:00   00:00:29      0:0 
13654819_43     SUMSTAT         16                                             00:00:25      1:0 
13654819_43+      batch         16        1   00:00:14          0   00:00:14   00:00:25      1:0 
13654819_43+     extern         16        1   00:00:00          0   00:00:00   00:00:25      0:0 
13654819_44     SUMSTAT         16                                             00:00:26      1:0 
13654819_44+      batch         16        1   00:00:15          0   00:00:15   00:00:26      1:0 
13654819_44+     extern         16        1   00:00:00          0   00:00:00   00:00:26      0:0 
13654819_45     SUMSTAT         16                                             00:00:26      1:0 
13654819_45+      batch         16        1   00:00:14          0   00:00:14   00:00:26      1:0 
13654819_45+     extern         16        1   00:00:00          0   00:00:00   00:00:26      0:0 
13654819_46     SUMSTAT         16                                             00:00:26      1:0 
13654819_46+      batch         16        1   00:00:14          0   00:00:14   00:00:26      1:0 
13654819_46+     extern         16        1   00:00:00          0   00:00:00   00:00:26      0:0 
13654819_47     SUMSTAT         16                                             00:00:26      1:0 
13654819_47+      batch         16        1   00:00:15          0   00:00:15   00:00:26      1:0 
13654819_47+     extern         16        1   00:00:00          0   00:00:00   00:00:26      0:0 
13654819_48     SUMSTAT         16                                             00:01:02      0:0 
13654819_48+      batch         16        1                                    00:01:02      0:0 
13654819_48+     extern         16        1                                    00:01:02      0:0 
13654819_49     SUMSTAT         16                                             00:00:33      1:0 
13654819_49+      batch         16        1   00:00:22          0   00:00:22   00:00:33      1:0 
13654819_49+     extern         16        1   00:00:00          0   00:00:00   00:00:33      0:0 
13654819_50     SUMSTAT         16                                             00:00:33      1:0 
13654819_50+      batch         16        1   00:00:22          0   00:00:22   00:00:33      1:0 
13654819_50+     extern         16        1   00:00:00          0   00:00:00   00:00:33      0:0 
13654819_51     SUMSTAT         16                                             00:00:32      1:0 
13654819_51+      batch         16        1   00:00:20          0   00:00:20   00:00:32      1:0 
13654819_51+     extern         16        1   00:00:00          0   00:00:00   00:00:33      0:0 
13654819_52     SUMSTAT         16                                             00:00:18      1:0 
13654819_52+      batch         16        1   00:00:04          0   00:00:04   00:00:18      1:0 
13654819_52+     extern         16        1   00:00:00          0   00:00:00   00:00:19      0:0 
13654819_53     SUMSTAT         16                                             00:00:32      1:0 
13654819_53+      batch         16        1   00:00:21          0   00:00:21   00:00:32      1:0 
13654819_53+     extern         16        1   00:00:00          0   00:00:00   00:00:32      0:0 
13654819_54     SUMSTAT         16                                             00:00:18      1:0 
13654819_54+      batch         16        1   00:00:04          0   00:00:04   00:00:18      1:0 
13654819_54+     extern         16        1   00:00:00          0   00:00:00   00:00:18      0:0 
13654819_55     SUMSTAT         16                                             00:00:32      1:0 
13654819_55+      batch         16        1   00:00:22          0   00:00:22   00:00:32      1:0 
13654819_55+     extern         16        1   00:00:00          0   00:00:00   00:00:32      0:0 
13654819_56     SUMSTAT         16                                             00:00:32      1:0 
13654819_56+      batch         16        1   00:00:21          0   00:00:21   00:00:32      1:0 
13654819_56+     extern         16        1   00:00:00          0   00:00:00   00:00:32      0:0 
13654819_57     SUMSTAT         16                                             00:00:32      1:0 
13654819_57+      batch         16        1   00:00:21          0   00:00:21   00:00:32      1:0 
13654819_57+     extern         16        1   00:00:00          0   00:00:00   00:00:33      0:0 
13654819_58     SUMSTAT         16                                             00:00:32      1:0 
13654819_58+      batch         16        1   00:00:21          0   00:00:21   00:00:32      1:0 
13654819_58+     extern         16        1   00:00:00          0   00:00:00   00:00:33      0:0 
13654819_59     SUMSTAT         16                                             00:00:25      1:0 
13654819_59+      batch         16        1   00:00:14          0   00:00:14   00:00:25      1:0 
13654819_59+     extern         16        1   00:00:00          0   00:00:00   00:00:25      0:0 
13654819_60     SUMSTAT         16                                             00:00:26      1:0 
13654819_60+      batch         16        1   00:00:15          0   00:00:15   00:00:26      1:0 
13654819_60+     extern         16        1   00:00:00          0   00:00:00   00:00:26      0:0 
13654819_61     SUMSTAT         16                                             00:00:26      1:0 
13654819_61+      batch         16        1   00:00:14          0   00:00:14   00:00:26      1:0 
13654819_61+     extern         16        1   00:00:00          0   00:00:00   00:00:26      0:0 
13654819_62     SUMSTAT         16                                             00:00:26      1:0 
13654819_62+      batch         16        1   00:00:14          0   00:00:14   00:00:26      1:0 
13654819_62+     extern         16        1   00:00:00          0   00:00:00   00:00:26      0:0 
13654819_63     SUMSTAT         16                                             00:00:26      1:0 
13654819_63+      batch         16        1   00:00:14          0   00:00:14   00:00:26      1:0 
13654819_63+     extern         16        1   00:00:00          0   00:00:00   00:00:26      0:0 
13654819_64     SUMSTAT         16                                             00:00:26      1:0 
13654819_64+      batch         16        1   00:00:14          0   00:00:14   00:00:26      1:0 
13654819_64+     extern         16        1   00:00:00          0   00:00:00   00:00:26      0:0 
13654819_65     SUMSTAT         16                                             00:00:25      1:0 
13654819_65+      batch         16        1   00:00:14          0   00:00:14   00:00:25      1:0 
13654819_65+     extern         16        1   00:00:00          0   00:00:00   00:00:26      0:0 
13654819_66     SUMSTAT         16                                             00:00:26      1:0 
13654819_66+      batch         16        1   00:00:14          0   00:00:14   00:00:26      1:0 
13654819_66+     extern         16        1   00:00:00          0   00:00:00   00:00:26      0:0 
13654819_67     SUMSTAT         16                                             00:00:26      1:0 
13654819_67+      batch         16        1   00:00:14          0   00:00:14   00:00:26      1:0 
13654819_67+     extern         16        1   00:00:00          0   00:00:00   00:00:26      0:0 
13654819_68     SUMSTAT         16                                             00:00:11      1:0 
13654819_68+      batch         16        1   00:00:25          0   00:00:25   00:00:11      1:0 
13654819_68+     extern         16        1   00:00:00          0   00:00:00   00:00:11      0:0 
13654819_69     SUMSTAT         16                                             00:00:11      1:0 
13654819_69+      batch         16        1   00:00:23          0   00:00:23   00:00:11      1:0 
13654819_69+     extern         16        1   00:00:00          0   00:00:00   00:00:11      0:0 
13654819_70     SUMSTAT         16                                             00:00:12      1:0 
13654819_70+      batch         16        1   00:00:23          0   00:00:23   00:00:12      1:0 
13654819_70+     extern         16        1   00:00:00          0   00:00:00   00:00:12      0:0 
13654819_71     SUMSTAT         16                                             00:00:11      1:0 
13654819_71+      batch         16        1   00:00:22          0   00:00:22   00:00:11      1:0 
13654819_71+     extern         16        1   00:00:00          0   00:00:00   00:00:11      0:0 
13654819_72     SUMSTAT         16                                             00:00:12      1:0 
13654819_72+      batch         16        1   00:00:25          0   00:00:25   00:00:12      1:0 
13654819_72+     extern         16        1   00:00:00          0   00:00:00   00:00:12      0:0 
13654819_73     SUMSTAT         16                                             00:00:12      1:0 
13654819_73+      batch         16        1   00:00:25          0   00:00:25   00:00:12      1:0 
13654819_73+     extern         16        1   00:00:00          0   00:00:00   00:00:12      0:0 
13654819_74     SUMSTAT         16                                             00:00:11      1:0 
13654819_74+      batch         16        1   00:00:25          0   00:00:25   00:00:11      1:0 
13654819_74+     extern         16        1   00:00:00          0   00:00:00   00:00:11      0:0 
13654819_75     SUMSTAT         16                                             00:00:12      1:0 
13654819_75+      batch         16        1   00:00:24          0   00:00:24   00:00:12      1:0 
13654819_75+     extern         16        1   00:00:00          0   00:00:00   00:00:12      0:0 
13654819_76     SUMSTAT         16                                             00:00:32      0:0 
13654819_76+      batch         16        1                                    00:00:32      0:0 
13654819_76+     extern         16        1                                    00:00:32      0:0 
13654819_77     SUMSTAT         16                                             00:00:12      1:0 
13654819_77+      batch         16        1   00:00:24          0   00:00:24   00:00:12      1:0 
13654819_77+     extern         16        1   00:00:00          0   00:00:00   00:00:12      0:0 
13654819_78     SUMSTAT         16                                             00:00:11      1:0 
13654819_78+      batch         16        1   00:00:22          0   00:00:22   00:00:11      1:0 
13654819_78+     extern         16        1   00:00:00          0   00:00:00   00:00:11      0:0 
13654819_79     SUMSTAT         16                                             00:00:14      1:0 
13654819_79+      batch         16        1   00:00:31          0   00:00:31   00:00:14      1:0 
13654819_79+     extern         16        1   00:00:00          0   00:00:00   00:00:15      0:0 
13654819_80     SUMSTAT         16                                             00:00:12      1:0 
13654819_80+      batch         16        1   00:00:23          0   00:00:23   00:00:12      1:0 
13654819_80+     extern         16        1   00:00:00          0   00:00:00   00:00:12      0:0 
13654819_81     SUMSTAT         16                                             00:00:11      1:0 
13654819_81+      batch         16        1   00:00:23          0   00:00:23   00:00:11      1:0 
13654819_81+     extern         16        1   00:00:00          0   00:00:00   00:00:11      0:0 
13654819_82     SUMSTAT         16                                             00:00:11      1:0 
13654819_82+      batch         16        1   00:00:25          0   00:00:25   00:00:11      1:0 
13654819_82+     extern         16        1   00:00:00          0   00:00:00   00:00:12      0:0 
13654819_83     SUMSTAT         16                                             00:00:12      1:0 
13654819_83+      batch         16        1   00:00:25          0   00:00:25   00:00:12      1:0 
13654819_83+     extern         16        1   00:00:00          0   00:00:00   00:00:12      0:0 
13654819_84     SUMSTAT         16                                             00:00:11      1:0 
13654819_84+      batch         16        1   00:00:26          0   00:00:26   00:00:11      1:0 
13654819_84+     extern         16        1   00:00:00          0   00:00:00   00:00:12      0:0 
13654819_85     SUMSTAT         16                                             00:00:11      1:0 
13654819_85+      batch         16        1   00:00:25          0   00:00:25   00:00:11      1:0 
13654819_85+     extern         16        1   00:00:00          0   00:00:00   00:00:12      0:0 
13654819_86     SUMSTAT         16                                             00:00:12      1:0 
13654819_86+      batch         16        1   00:00:26          0   00:00:26   00:00:12      1:0 
13654819_86+     extern         16        1   00:00:00          0   00:00:00   00:00:12      0:0 
13654819_87     SUMSTAT         16                                             00:00:14      1:0 
13654819_87+      batch         16        1   00:00:31          0   00:00:31   00:00:14      1:0 
13654819_87+     extern         16        1   00:00:00          0   00:00:00   00:00:14      0:0 
13654819_88     SUMSTAT         16                                             00:00:16      1:0 
13654819_88+      batch         16        1   00:00:31          0   00:00:31   00:00:16      1:0 
13654819_88+     extern         16        1   00:00:00          0   00:00:00   00:00:16      0:0 
13654819_89     SUMSTAT         16                                             00:00:32      0:0 
13654819_89+      batch         16        1                                    00:00:32      0:0 
13654819_89+     extern         16        1                                    00:00:32      0:0 
13654819_90     SUMSTAT         16                                             00:00:32      0:0 
13654819_90+      batch         16        1                                    00:00:32      0:0 
13654819_90+     extern         16        1                                    00:00:32      0:0 
13654819_91     SUMSTAT         16                                             00:00:17      1:0 
13654819_91+      batch         16        1   00:00:31          0   00:00:31   00:00:17      1:0 
13654819_91+     extern         16        1   00:00:00          0   00:00:00   00:00:17      0:0 
13654819_98     SUMSTAT         16                                             00:00:02      1:0 
13654819_98+      batch         16        1   00:00:00          0   00:00:00   00:00:02      1:0 
13654819_98+     extern         16        1   00:00:00          0   00:00:00   00:00:02      0:0 

Memory usage stats:
       JobID     MaxRSS MaxRSSTask     AveRSS MaxPages   MaxPagesTask   AvePages 
------------ ---------- ---------- ---------- -------- -------------- ---------- 
13654819_20                                                                      
13654819_20+                                                                     
13654819_20+                                                                     
13654819_21                                                                      
13654819_21+                                                                     
13654819_21+                                                                     
13654819_22                                                                      
13654819_22+                                                                     
13654819_22+                                                                     
13654819_23                                                                      
13654819_23+                                                                     
13654819_23+                                                                     
13654819_24                                                                      
13654819_24+                                                                     
13654819_24+                                                                     
13654819_25                                                                      
13654819_25+                                                                     
13654819_25+                                                                     
13654819_26                                                                      
13654819_26+                                                                     
13654819_26+                                                                     
13654819_27                                                                      
13654819_27+                                                                     
13654819_27+                                                                     
13654819_28                                                                      
13654819_28+                                                                     
13654819_28+                                                                     
13654819_29                                                                      
13654819_29+                                                                     
13654819_29+                                                                     
13654819_30                                                                      
13654819_30+                                                                     
13654819_30+                                                                     
13654819_31                                                                      
13654819_31+                                                                     
13654819_31+                                                                     
13654819_32                                                                      
13654819_32+                                                                     
13654819_32+                                                                     
13654819_33                                                                      
13654819_33+          0          0          0        0              0          0 
13654819_33+          0          0          0        0              0          0 
13654819_34                                                                      
13654819_34+          0          0          0        0              0          0 
13654819_34+          0          0          0        0              0          0 
13654819_35                                                                      
13654819_35+          0          0          0        0              0          0 
13654819_35+          0          0          0        0              0          0 
13654819_36                                                                      
13654819_36+                                                                     
13654819_36+                                                                     
13654819_37                                                                      
13654819_37+          0          0          0        0              0          0 
13654819_37+          0          0          0        0              0          0 
13654819_38                                                                      
13654819_38+                                                                     
13654819_38+                                                                     
13654819_39                                                                      
13654819_39+          0          0          0        0              0          0 
13654819_39+          0          0          0        0              0          0 
13654819_40                                                                      
13654819_40+          0          0          0        0              0          0 
13654819_40+          0          0          0        0              0          0 
13654819_41                                                                      
13654819_41+          0          0          0        0              0          0 
13654819_41+          0          0          0        0              0          0 
13654819_42                                                                      
13654819_42+          0          0          0        0              0          0 
13654819_42+          0          0          0        0              0          0 
13654819_43                                                                      
13654819_43+          0          0          0        0              0          0 
13654819_43+          0          0          0        0              0          0 
13654819_44                                                                      
13654819_44+          0          0          0        0              0          0 
13654819_44+          0          0          0        0              0          0 
13654819_45                                                                      
13654819_45+          0          0          0        0              0          0 
13654819_45+          0          0          0        0              0          0 
13654819_46                                                                      
13654819_46+          0          0          0        0              0          0 
13654819_46+          0          0          0        0              0          0 
13654819_47                                                                      
13654819_47+          0          0          0        0              0          0 
13654819_47+          0          0          0        0              0          0 
13654819_48                                                                      
13654819_48+                                                                     
13654819_48+                                                                     
13654819_49                                                                      
13654819_49+          0          0          0        0              0          0 
13654819_49+          0          0          0        0              0          0 
13654819_50                                                                      
13654819_50+          0          0          0        0              0          0 
13654819_50+          0          0          0        0              0          0 
13654819_51                                                                      
13654819_51+          0          0          0        0              0          0 
13654819_51+          0          0          0        0              0          0 
13654819_52                                                                      
13654819_52+          0          0          0        0              0          0 
13654819_52+          0          0          0        0              0          0 
13654819_53                                                                      
13654819_53+          0          0          0        0              0          0 
13654819_53+          0          0          0        0              0          0 
13654819_54                                                                      
13654819_54+          0          0          0        0              0          0 
13654819_54+          0          0          0        0              0          0 
13654819_55                                                                      
13654819_55+          0          0          0        0              0          0 
13654819_55+          0          0          0        0              0          0 
13654819_56                                                                      
13654819_56+          0          0          0        0              0          0 
13654819_56+          0          0          0        0              0          0 
13654819_57                                                                      
13654819_57+          0          0          0        0              0          0 
13654819_57+          0          0          0        0              0          0 
13654819_58                                                                      
13654819_58+          0          0          0        0              0          0 
13654819_58+          0          0          0        0              0          0 
13654819_59                                                                      
13654819_59+          0          0          0        0              0          0 
13654819_59+          0          0          0        0              0          0 
13654819_60                                                                      
13654819_60+          0          0          0        0              0          0 
13654819_60+          0          0          0        0              0          0 
13654819_61                                                                      
13654819_61+          0          0          0        0              0          0 
13654819_61+          0          0          0        0              0          0 
13654819_62                                                                      
13654819_62+          0          0          0        0              0          0 
13654819_62+          0          0          0        0              0          0 
13654819_63                                                                      
13654819_63+          0          0          0        0              0          0 
13654819_63+          0          0          0        0              0          0 
13654819_64                                                                      
13654819_64+          0          0          0        0              0          0 
13654819_64+          0          0          0        0              0          0 
13654819_65                                                                      
13654819_65+          0          0          0        0              0          0 
13654819_65+          0          0          0        0              0          0 
13654819_66                                                                      
13654819_66+          0          0          0        0              0          0 
13654819_66+          0          0          0        0              0          0 
13654819_67                                                                      
13654819_67+          0          0          0        0              0          0 
13654819_67+          0          0          0        0              0          0 
13654819_68                                                                      
13654819_68+          0          0          0        0              0          0 
13654819_68+          0          0          0        0              0          0 
13654819_69                                                                      
13654819_69+          0          0          0        0              0          0 
13654819_69+          0          0          0        0              0          0 
13654819_70                                                                      
13654819_70+          0          0          0        0              0          0 
13654819_70+          0          0          0        0              0          0 
13654819_71                                                                      
13654819_71+          0          0          0        0              0          0 
13654819_71+          0          0          0        0              0          0 
13654819_72                                                                      
13654819_72+          0          0          0        0              0          0 
13654819_72+          0          0          0        0              0          0 
13654819_73                                                                      
13654819_73+          0          0          0        0              0          0 
13654819_73+          0          0          0        0              0          0 
13654819_74                                                                      
13654819_74+          0          0          0        0              0          0 
13654819_74+          0          0          0        0              0          0 
13654819_75                                                                      
13654819_75+          0          0          0        0              0          0 
13654819_75+          0          0          0        0              0          0 
13654819_76                                                                      
13654819_76+                                                                     
13654819_76+                                                                     
13654819_77                                                                      
13654819_77+          0          0          0        0              0          0 
13654819_77+          0          0          0        0              0          0 
13654819_78                                                                      
13654819_78+          0          0          0        0              0          0 
13654819_78+          0          0          0        0              0          0 
13654819_79                                                                      
13654819_79+          0          0          0        0              0          0 
13654819_79+          0          0          0        0              0          0 
13654819_80                                                                      
13654819_80+          0          0          0        0              0          0 
13654819_80+          0          0          0        0              0          0 
13654819_81                                                                      
13654819_81+          0          0          0        0              0          0 
13654819_81+          0          0          0        0              0          0 
13654819_82                                                                      
13654819_82+          0          0          0        0              0          0 
13654819_82+          0          0          0        0              0          0 
13654819_83                                                                      
13654819_83+          0          0          0        0              0          0 
13654819_83+          0          0          0        0              0          0 
13654819_84                                                                      
13654819_84+          0          0          0        0              0          0 
13654819_84+          0          0          0        0              0          0 
13654819_85                                                                      
13654819_85+          0          0          0        0              0          0 
13654819_85+          0          0          0        0              0          0 
13654819_86                                                                      
13654819_86+          0          0          0        0              0          0 
13654819_86+          0          0          0        0              0          0 
13654819_87                                                                      
13654819_87+          0          0          0        0              0          0 
13654819_87+          0          0          0        0              0          0 
13654819_88                                                                      
13654819_88+          0          0          0        0              0          0 
13654819_88+          0          0          0        0              0          0 
13654819_89                                                                      
13654819_89+                                                                     
13654819_89+                                                                     
13654819_90                                                                      
13654819_90+                                                                     
13654819_90+                                                                     
13654819_91                                                                      
13654819_91+          0          0          0        0              0          0 
13654819_91+          0          0          0        0              0          0 
13654819_98                                                                      
13654819_98+          0          0          0        0              0          0 
13654819_98+          0          0          0        0              0          0 

Disk usage stats:
       JobID  MaxDiskRead MaxDiskReadTask    AveDiskRead MaxDiskWrite MaxDiskWriteTask   AveDiskWrite 
------------ ------------ --------------- -------------- ------------ ---------------- -------------- 
13654819_20                                                                                           
13654819_20+                                                                                          
13654819_20+                                                                                          
13654819_21                                                                                           
13654819_21+                                                                                          
13654819_21+                                                                                          
13654819_22                                                                                           
13654819_22+                                                                                          
13654819_22+                                                                                          
13654819_23                                                                                           
13654819_23+                                                                                          
13654819_23+                                                                                          
13654819_24                                                                                           
13654819_24+                                                                                          
13654819_24+                                                                                          
13654819_25                                                                                           
13654819_25+                                                                                          
13654819_25+                                                                                          
13654819_26                                                                                           
13654819_26+                                                                                          
13654819_26+                                                                                          
13654819_27                                                                                           
13654819_27+                                                                                          
13654819_27+                                                                                          
13654819_28                                                                                           
13654819_28+                                                                                          
13654819_28+                                                                                          
13654819_29                                                                                           
13654819_29+                                                                                          
13654819_29+                                                                                          
13654819_30                                                                                           
13654819_30+                                                                                          
13654819_30+                                                                                          
13654819_31                                                                                           
13654819_31+                                                                                          
13654819_31+                                                                                          
13654819_32                                                                                           
13654819_32+                                                                                          
13654819_32+                                                                                          
13654819_33                                                                                           
13654819_33+            0               0              0            0                0              0 
13654819_33+        0.00M               0          0.00M            0                0              0 
13654819_34                                                                                           
13654819_34+            0               0              0            0                0              0 
13654819_34+        0.00M               0          0.00M            0                0              0 
13654819_35                                                                                           
13654819_35+            0               0              0            0                0              0 
13654819_35+        0.00M               0          0.00M            0                0              0 
13654819_36                                                                                           
13654819_36+                                                                                          
13654819_36+                                                                                          
13654819_37                                                                                           
13654819_37+            0               0              0            0                0              0 
13654819_37+        0.00M               0          0.00M            0                0              0 
13654819_38                                                                                           
13654819_38+                                                                                          
13654819_38+                                                                                          
13654819_39                                                                                           
13654819_39+            0               0              0            0                0              0 
13654819_39+        0.00M               0          0.00M            0                0              0 
13654819_40                                                                                           
13654819_40+            0               0              0            0                0              0 
13654819_40+        0.00M               0          0.00M            0                0              0 
13654819_41                                                                                           
13654819_41+            0               0              0            0                0              0 
13654819_41+        0.00M               0          0.00M            0                0              0 
13654819_42                                                                                           
13654819_42+            0               0              0            0                0              0 
13654819_42+        0.00M               0          0.00M            0                0              0 
13654819_43                                                                                           
13654819_43+            0               0              0            0                0              0 
13654819_43+        0.00M               0          0.00M            0                0              0 
13654819_44                                                                                           
13654819_44+            0               0              0            0                0              0 
13654819_44+        0.00M               0          0.00M            0                0              0 
13654819_45                                                                                           
13654819_45+            0               0              0            0                0              0 
13654819_45+        0.00M               0          0.00M            0                0              0 
13654819_46                                                                                           
13654819_46+            0               0              0            0                0              0 
13654819_46+        0.00M               0          0.00M            0                0              0 
13654819_47                                                                                           
13654819_47+            0               0              0            0                0              0 
13654819_47+        0.00M               0          0.00M            0                0              0 
13654819_48                                                                                           
13654819_48+                                                                                          
13654819_48+                                                                                          
13654819_49                                                                                           
13654819_49+            0               0              0            0                0              0 
13654819_49+        0.00M               0          0.00M            0                0              0 
13654819_50                                                                                           
13654819_50+            0               0              0            0                0              0 
13654819_50+        0.00M               0          0.00M            0                0              0 
13654819_51                                                                                           
13654819_51+            0               0              0            0                0              0 
13654819_51+        0.00M               0          0.00M            0                0              0 
13654819_52                                                                                           
13654819_52+            0               0              0            0                0              0 
13654819_52+        0.00M               0          0.00M            0                0              0 
13654819_53                                                                                           
13654819_53+            0               0              0            0                0              0 
13654819_53+        0.00M               0          0.00M            0                0              0 
13654819_54                                                                                           
13654819_54+            0               0              0            0                0              0 
13654819_54+        0.00M               0          0.00M            0                0              0 
13654819_55                                                                                           
13654819_55+            0               0              0            0                0              0 
13654819_55+        0.00M               0          0.00M            0                0              0 
13654819_56                                                                                           
13654819_56+            0               0              0            0                0              0 
13654819_56+        0.00M               0          0.00M            0                0              0 
13654819_57                                                                                           
13654819_57+            0               0              0            0                0              0 
13654819_57+        0.00M               0          0.00M            0                0              0 
13654819_58                                                                                           
13654819_58+            0               0              0            0                0              0 
13654819_58+        0.00M               0          0.00M            0                0              0 
13654819_59                                                                                           
13654819_59+            0               0              0            0                0              0 
13654819_59+        0.00M               0          0.00M            0                0              0 
13654819_60                                                                                           
13654819_60+            0               0              0            0                0              0 
13654819_60+        0.00M               0          0.00M            0                0              0 
13654819_61                                                                                           
13654819_61+            0               0              0            0                0              0 
13654819_61+        0.00M               0          0.00M            0                0              0 
13654819_62                                                                                           
13654819_62+            0               0              0            0                0              0 
13654819_62+        0.00M               0          0.00M            0                0              0 
13654819_63                                                                                           
13654819_63+            0               0              0            0                0              0 
13654819_63+        0.00M               0          0.00M            0                0              0 
13654819_64                                                                                           
13654819_64+            0               0              0            0                0              0 
13654819_64+        0.00M               0          0.00M            0                0              0 
13654819_65                                                                                           
13654819_65+            0               0              0            0                0              0 
13654819_65+        0.00M               0          0.00M            0                0              0 
13654819_66                                                                                           
13654819_66+            0               0              0            0                0              0 
13654819_66+        0.00M               0          0.00M            0                0              0 
13654819_67                                                                                           
13654819_67+            0               0              0            0                0              0 
13654819_67+        0.00M               0          0.00M            0                0              0 
13654819_68                                                                                           
13654819_68+            0               0              0            0                0              0 
13654819_68+        0.00M               0          0.00M            0                0              0 
13654819_69                                                                                           
13654819_69+            0               0              0            0                0              0 
13654819_69+        0.00M               0          0.00M            0                0              0 
13654819_70                                                                                           
13654819_70+            0               0              0            0                0              0 
13654819_70+        0.00M               0          0.00M            0                0              0 
13654819_71                                                                                           
13654819_71+            0               0              0            0                0              0 
13654819_71+        0.00M               0          0.00M            0                0              0 
13654819_72                                                                                           
13654819_72+            0               0              0            0                0              0 
13654819_72+        0.00M               0          0.00M            0                0              0 
13654819_73                                                                                           
13654819_73+            0               0              0            0                0              0 
13654819_73+        0.00M               0          0.00M            0                0              0 
13654819_74                                                                                           
13654819_74+            0               0              0            0                0              0 
13654819_74+        0.00M               0          0.00M            0                0              0 
13654819_75                                                                                           
13654819_75+            0               0              0            0                0              0 
13654819_75+        0.00M               0          0.00M            0                0              0 
13654819_76                                                                                           
13654819_76+                                                                                          
13654819_76+                                                                                          
13654819_77                                                                                           
13654819_77+            0               0              0            0                0              0 
13654819_77+        0.00M               0          0.00M            0                0              0 
13654819_78                                                                                           
13654819_78+            0               0              0            0                0              0 
13654819_78+        0.00M               0          0.00M            0                0              0 
13654819_79                                                                                           
13654819_79+            0               0              0            0                0              0 
13654819_79+        0.00M               0          0.00M            0                0              0 
13654819_80                                                                                           
13654819_80+            0               0              0            0                0              0 
13654819_80+        0.00M               0          0.00M            0                0              0 
13654819_81                                                                                           
13654819_81+            0               0              0            0                0              0 
13654819_81+        0.00M               0          0.00M            0                0              0 
13654819_82                                                                                           
13654819_82+            0               0              0            0                0              0 
13654819_82+        0.00M               0          0.00M            0                0              0 
13654819_83                                                                                           
13654819_83+            0               0              0            0                0              0 
13654819_83+        0.00M               0          0.00M            0                0              0 
13654819_84                                                                                           
13654819_84+            0               0              0            0                0              0 
13654819_84+        0.00M               0          0.00M            0                0              0 
13654819_85                                                                                           
13654819_85+            0               0              0            0                0              0 
13654819_85+        0.00M               0          0.00M            0                0              0 
13654819_86                                                                                           
13654819_86+            0               0              0            0                0              0 
13654819_86+        0.00M               0          0.00M            0                0              0 
13654819_87                                                                                           
13654819_87+            0               0              0            0                0              0 
13654819_87+        0.00M               0          0.00M            0                0              0 
13654819_88                                                                                           
13654819_88+            0               0              0            0                0              0 
13654819_88+        0.00M               0          0.00M            0                0              0 
13654819_89                                                                                           
13654819_89+                                                                                          
13654819_89+                                                                                          
13654819_90                                                                                           
13654819_90+                                                                                          
13654819_90+                                                                                          
13654819_91                                                                                           
13654819_91+            0               0              0            0                0              0 
13654819_91+        0.00M               0          0.00M            0                0              0 
13654819_98                                                                                           
13654819_98+            0               0              0            0                0              0 
13654819_98+        0.00M               0          0.00M            0                0              0 

Job 13654819 completed at Mon Feb 21 22:09:53 CET 2022
