-------------------------------------------------------------------------------
There are messages associated with the following module(s):
-------------------------------------------------------------------------------

singularity/3.7.1:
   This is a custom module. You can use "module spider <software>" to search
   for more recent Easybuild modules (those listed under
   /cluster/software/MODULEFILES/easybuild/all). If no recent Easybuild
   module is available, you can request it to be installed:
   https://nettskjema.no/a/usit-sw-request#/page/1

-------------------------------------------------------------------------------

mkdir: cannot create directory ‘tmp/fake-home’: Permission denied
FATAL:   container creation failed: hook function for tag layer returns error: failed to create /cluster/projects/p697/projects/cleansumstats/tmp/fake-home directory: mkdir /cluster/projects/p697/projects/cleansumstats/tmp/fake-home: permission denied
Copying MyResultFile to /net/tsd-evs.tsd.usit.no/p697/home/p697-michaejt/p697code
rsync: link_stat "/gpfs/colossus01/work/jobs/13498570/MyResultFile" failed: No such file or directory (2)
rsync error: some files/attrs were not transferred (see previous errors) (code 23) at main.c(1179) [sender=3.1.2]

Task and CPU usage stats:
       JobID    JobName  AllocCPUS   NTasks     MinCPU MinCPUTask     AveCPU    Elapsed ExitCode 
------------ ---------- ---------- -------- ---------- ---------- ---------- ---------- -------- 
13498570     SUMSTAT.t+         16                                             00:00:03    127:0 
13498570.ba+      batch         16        1   00:00:00          0   00:00:00   00:00:03    127:0 
13498570.ex+     extern         16        1   00:00:00          0   00:00:00   00:00:03      0:0 

Memory usage stats:
       JobID     MaxRSS MaxRSSTask     AveRSS MaxPages   MaxPagesTask   AvePages 
------------ ---------- ---------- ---------- -------- -------------- ---------- 
13498570                                                                         
13498570.ba+          0          0          0        0              0          0 
13498570.ex+          0          0          0        0              0          0 

Disk usage stats:
       JobID  MaxDiskRead MaxDiskReadTask    AveDiskRead MaxDiskWrite MaxDiskWriteTask   AveDiskWrite 
------------ ------------ --------------- -------------- ------------ ---------------- -------------- 
13498570                                                                                              
13498570.ba+            0               0              0            0                0              0 
13498570.ex+        0.00M               0          0.00M            0                0              0 

Job 13498570 completed at Mon Feb 7 14:52:04 CET 2022
