52
iPSYCH_CYTOKINES_2020_IgA
/cluster/projects/p697/projects/SUMSTATv2_RAW/iPSYCH_CYTOKINES_2020/iPSYCH_CYTOKINES_2020_IgA.cleansumstats_meta
iPSYCH_CYTOKINES_2020_IgA
mkdir: cannot create directory ‘/cluster/projects/p697/users/michaejt/SUMSTATv2_dev/cleansumstats/iPSYCH_CYTOKINES_2020_IgA’: File exists
-------------------------------------------------------------------------------
There are messages associated with the following module(s):
-------------------------------------------------------------------------------

singularity/3.7.1:
   This is a custom module. You can use "module spider <software>" to search
   for more recent Easybuild modules (those listed under
   /cluster/software/MODULEFILES/easybuild/all). If no recent Easybuild
   module is available, you can request it to be installed:
   https://nettskjema.no/a/usit-sw-request#/page/1

-------------------------------------------------------------------------------

Can't lock file: /cleansumstats/tmp/fake-home/.nextflow/history -- Nextflow needs to run in a file system that supports file locks



Task and CPU usage stats:
       JobID    JobName  AllocCPUS   NTasks     MinCPU MinCPUTask     AveCPU    Elapsed ExitCode 
------------ ---------- ---------- -------- ---------- ---------- ---------- ---------- -------- 
13664563_52     SUMSTAT         16                                             00:00:19      1:0 
13664563_52+      batch         16        1   00:00:04          0   00:00:04   00:00:19      1:0 
13664563_52+     extern         16        1   00:00:00          0   00:00:00   00:00:19      0:0 

Memory usage stats:
       JobID     MaxRSS MaxRSSTask     AveRSS MaxPages   MaxPagesTask   AvePages 
------------ ---------- ---------- ---------- -------- -------------- ---------- 
13664563_52                                                                      
13664563_52+          0          0          0        0              0          0 
13664563_52+          0          0          0        0              0          0 

Disk usage stats:
       JobID  MaxDiskRead MaxDiskReadTask    AveDiskRead MaxDiskWrite MaxDiskWriteTask   AveDiskWrite 
------------ ------------ --------------- -------------- ------------ ---------------- -------------- 
13664563_52                                                                                           
13664563_52+            0               0              0            0                0              0 
13664563_52+        0.00M               0          0.00M            0                0              0 

Job 13664580 completed at Wed Feb 23 12:15:20 CET 2022
